{
  "/Users/onurseckinsenoglu/repos/dsa_visualizer/src/components/Navbar.tsx": {
    "path": "/Users/onurseckinsenoglu/repos/dsa_visualizer/src/components/Navbar.tsx",
    "all": false,
    "statementMap": {
      "0": { "start": { "line": 1, "column": 0 }, "end": { "line": 1, "column": 51 } },
      "1": { "start": { "line": 2, "column": 0 }, "end": { "line": 2, "column": 39 } },
      "2": { "start": { "line": 3, "column": 0 }, "end": { "line": 3, "column": 8 } },
      "3": { "start": { "line": 4, "column": 0 }, "end": { "line": 4, "column": 8 } },
      "4": { "start": { "line": 5, "column": 0 }, "end": { "line": 5, "column": 8 } },
      "5": { "start": { "line": 6, "column": 0 }, "end": { "line": 6, "column": 6 } },
      "6": { "start": { "line": 7, "column": 0 }, "end": { "line": 7, "column": 18 } },
      "7": { "start": { "line": 8, "column": 0 }, "end": { "line": 8, "column": 11 } },
      "8": { "start": { "line": 9, "column": 0 }, "end": { "line": 9, "column": 9 } },
      "9": { "start": { "line": 10, "column": 0 }, "end": { "line": 10, "column": 7 } },
      "10": { "start": { "line": 11, "column": 0 }, "end": { "line": 11, "column": 10 } },
      "11": { "start": { "line": 12, "column": 0 }, "end": { "line": 12, "column": 12 } },
      "12": { "start": { "line": 13, "column": 0 }, "end": { "line": 13, "column": 22 } },
      "13": { "start": { "line": 14, "column": 0 }, "end": { "line": 14, "column": 80 } },
      "14": { "start": { "line": 15, "column": 0 }, "end": { "line": 15, "column": 82 } },
      "15": { "start": { "line": 16, "column": 0 }, "end": { "line": 16, "column": 62 } },
      "16": { "start": { "line": 17, "column": 0 }, "end": { "line": 17, "column": 69 } },
      "17": { "start": { "line": 18, "column": 0 }, "end": { "line": 18, "column": 48 } },
      "18": { "start": { "line": 19, "column": 0 }, "end": { "line": 19, "column": 56 } },
      "19": { "start": { "line": 20, "column": 0 }, "end": { "line": 20, "column": 0 } },
      "20": { "start": { "line": 21, "column": 0 }, "end": { "line": 21, "column": 30 } },
      "21": { "start": { "line": 22, "column": 0 }, "end": { "line": 22, "column": 19 } },
      "22": { "start": { "line": 23, "column": 0 }, "end": { "line": 23, "column": 40 } },
      "23": { "start": { "line": 24, "column": 0 }, "end": { "line": 24, "column": 53 } },
      "24": { "start": { "line": 25, "column": 0 }, "end": { "line": 25, "column": 29 } },
      "25": { "start": { "line": 26, "column": 0 }, "end": { "line": 26, "column": 79 } },
      "26": { "start": { "line": 27, "column": 0 }, "end": { "line": 27, "column": 26 } },
      "27": { "start": { "line": 28, "column": 0 }, "end": { "line": 28, "column": 41 } },
      "28": { "start": { "line": 29, "column": 0 }, "end": { "line": 29, "column": 1 } },
      "29": { "start": { "line": 30, "column": 0 }, "end": { "line": 30, "column": 0 } },
      "30": { "start": { "line": 31, "column": 0 }, "end": { "line": 31, "column": 26 } },
      "31": { "start": { "line": 32, "column": 0 }, "end": { "line": 32, "column": 64 } },
      "32": { "start": { "line": 33, "column": 0 }, "end": { "line": 33, "column": 59 } },
      "33": { "start": { "line": 34, "column": 0 }, "end": { "line": 34, "column": 72 } },
      "34": { "start": { "line": 35, "column": 0 }, "end": { "line": 35, "column": 56 } },
      "35": { "start": { "line": 36, "column": 0 }, "end": { "line": 36, "column": 2 } },
      "36": { "start": { "line": 37, "column": 0 }, "end": { "line": 37, "column": 0 } },
      "37": { "start": { "line": 38, "column": 0 }, "end": { "line": 38, "column": 90 } },
      "38": { "start": { "line": 39, "column": 0 }, "end": { "line": 39, "column": 86 } },
      "39": { "start": { "line": 40, "column": 0 }, "end": { "line": 40, "column": 70 } },
      "40": { "start": { "line": 41, "column": 0 }, "end": { "line": 41, "column": 85 } },
      "41": { "start": { "line": 42, "column": 0 }, "end": { "line": 42, "column": 88 } },
      "42": { "start": { "line": 43, "column": 0 }, "end": { "line": 43, "column": 2 } },
      "43": { "start": { "line": 44, "column": 0 }, "end": { "line": 44, "column": 0 } },
      "44": { "start": { "line": 45, "column": 0 }, "end": { "line": 45, "column": 47 } },
      "45": { "start": { "line": 46, "column": 0 }, "end": { "line": 46, "column": 10 } },
      "46": { "start": { "line": 47, "column": 0 }, "end": { "line": 47, "column": 15 } },
      "47": { "start": { "line": 48, "column": 0 }, "end": { "line": 48, "column": 13 } },
      "48": { "start": { "line": 49, "column": 0 }, "end": { "line": 49, "column": 20 } },
      "49": { "start": { "line": 50, "column": 0 }, "end": { "line": 50, "column": 26 } },
      "50": { "start": { "line": 51, "column": 0 }, "end": { "line": 51, "column": 9 } },
      "51": { "start": { "line": 52, "column": 0 }, "end": { "line": 52, "column": 16 } },
      "52": { "start": { "line": 53, "column": 0 }, "end": { "line": 53, "column": 7 } },
      "53": { "start": { "line": 54, "column": 0 }, "end": { "line": 54, "column": 58 } },
      "54": { "start": { "line": 55, "column": 0 }, "end": { "line": 55, "column": 68 } },
      "55": { "start": { "line": 56, "column": 0 }, "end": { "line": 56, "column": 0 } },
      "56": { "start": { "line": 57, "column": 0 }, "end": { "line": 57, "column": 19 } },
      "57": { "start": { "line": 58, "column": 0 }, "end": { "line": 58, "column": 49 } },
      "58": { "start": { "line": 59, "column": 0 }, "end": { "line": 59, "column": 77 } },
      "59": { "start": { "line": 60, "column": 0 }, "end": { "line": 60, "column": 77 } },
      "60": { "start": { "line": 61, "column": 0 }, "end": { "line": 61, "column": 38 } },
      "61": { "start": { "line": 62, "column": 0 }, "end": { "line": 62, "column": 43 } },
      "62": { "start": { "line": 63, "column": 0 }, "end": { "line": 63, "column": 33 } },
      "63": { "start": { "line": 64, "column": 0 }, "end": { "line": 64, "column": 25 } },
      "64": { "start": { "line": 65, "column": 0 }, "end": { "line": 65, "column": 28 } },
      "65": { "start": { "line": 66, "column": 0 }, "end": { "line": 66, "column": 6 } },
      "66": { "start": { "line": 67, "column": 0 }, "end": { "line": 67, "column": 54 } },
      "67": { "start": { "line": 68, "column": 0 }, "end": { "line": 68, "column": 70 } },
      "68": { "start": { "line": 69, "column": 0 }, "end": { "line": 69, "column": 9 } },
      "69": { "start": { "line": 70, "column": 0 }, "end": { "line": 70, "column": 0 } },
      "70": { "start": { "line": 71, "column": 0 }, "end": { "line": 71, "column": 36 } },
      "71": { "start": { "line": 72, "column": 0 }, "end": { "line": 72, "column": 27 } },
      "72": { "start": { "line": 73, "column": 0 }, "end": { "line": 73, "column": 32 } },
      "73": { "start": { "line": 74, "column": 0 }, "end": { "line": 74, "column": 4 } },
      "74": { "start": { "line": 75, "column": 0 }, "end": { "line": 75, "column": 0 } },
      "75": { "start": { "line": 76, "column": 0 }, "end": { "line": 76, "column": 10 } },
      "76": { "start": { "line": 77, "column": 0 }, "end": { "line": 77, "column": 160 } },
      "77": { "start": { "line": 78, "column": 0 }, "end": { "line": 78, "column": 84 } },
      "78": { "start": { "line": 79, "column": 0 }, "end": { "line": 79, "column": 19 } },
      "79": { "start": { "line": 80, "column": 0 }, "end": { "line": 80, "column": 58 } },
      "80": { "start": { "line": 81, "column": 0 }, "end": { "line": 81, "column": 42 } },
      "81": { "start": { "line": 82, "column": 0 }, "end": { "line": 82, "column": 38 } },
      "82": { "start": { "line": 83, "column": 0 }, "end": { "line": 83, "column": 46 } },
      "83": { "start": { "line": 84, "column": 0 }, "end": { "line": 84, "column": 19 } },
      "84": { "start": { "line": 85, "column": 0 }, "end": { "line": 85, "column": 129 } },
      "85": { "start": { "line": 86, "column": 0 }, "end": { "line": 86, "column": 10 } },
      "86": { "start": { "line": 87, "column": 0 }, "end": { "line": 87, "column": 0 } },
      "87": { "start": { "line": 88, "column": 0 }, "end": { "line": 88, "column": 18 } },
      "88": { "start": { "line": 89, "column": 0 }, "end": { "line": 89, "column": 31 } },
      "89": { "start": { "line": 90, "column": 0 }, "end": { "line": 90, "column": 19 } },
      "90": { "start": { "line": 91, "column": 0 }, "end": { "line": 91, "column": 36 } },
      "91": { "start": { "line": 92, "column": 0 }, "end": { "line": 92, "column": 25 } },
      "92": { "start": { "line": 93, "column": 0 }, "end": { "line": 93, "column": 62 } },
      "93": { "start": { "line": 94, "column": 0 }, "end": { "line": 94, "column": 10 } },
      "94": { "start": { "line": 95, "column": 0 }, "end": { "line": 95, "column": 12 } },
      "95": { "start": { "line": 96, "column": 0 }, "end": { "line": 96, "column": 0 } },
      "96": { "start": { "line": 97, "column": 0 }, "end": { "line": 97, "column": 47 } },
      "97": { "start": { "line": 98, "column": 0 }, "end": { "line": 98, "column": 70 } },
      "98": { "start": { "line": 99, "column": 0 }, "end": { "line": 99, "column": 37 } },
      "99": { "start": { "line": 100, "column": 0 }, "end": { "line": 100, "column": 63 } },
      "100": { "start": { "line": 101, "column": 0 }, "end": { "line": 101, "column": 21 } },
      "101": { "start": { "line": 102, "column": 0 }, "end": { "line": 102, "column": 25 } },
      "102": { "start": { "line": 103, "column": 0 }, "end": { "line": 103, "column": 25 } },
      "103": { "start": { "line": 104, "column": 0 }, "end": { "line": 104, "column": 38 } },
      "104": { "start": { "line": 105, "column": 0 }, "end": { "line": 105, "column": 42 } },
      "105": { "start": { "line": 106, "column": 0 }, "end": { "line": 106, "column": 27 } },
      "106": { "start": { "line": 107, "column": 0 }, "end": { "line": 107, "column": 50 } },
      "107": { "start": { "line": 108, "column": 0 }, "end": { "line": 108, "column": 70 } },
      "108": { "start": { "line": 109, "column": 0 }, "end": { "line": 109, "column": 15 } },
      "109": { "start": { "line": 110, "column": 0 }, "end": { "line": 110, "column": 23 } },
      "110": { "start": { "line": 111, "column": 0 }, "end": { "line": 111, "column": 23 } },
      "111": { "start": { "line": 112, "column": 0 }, "end": { "line": 112, "column": 15 } },
      "112": { "start": { "line": 113, "column": 0 }, "end": { "line": 113, "column": 22 } },
      "113": { "start": { "line": 114, "column": 0 }, "end": { "line": 114, "column": 0 } },
      "114": { "start": { "line": 115, "column": 0 }, "end": { "line": 115, "column": 37 } },
      "115": { "start": { "line": 116, "column": 0 }, "end": { "line": 116, "column": 12 } },
      "116": { "start": { "line": 117, "column": 0 }, "end": { "line": 117, "column": 17 } },
      "117": { "start": { "line": 118, "column": 0 }, "end": { "line": 118, "column": 32 } },
      "118": { "start": { "line": 119, "column": 0 }, "end": { "line": 119, "column": 69 } },
      "119": { "start": { "line": 120, "column": 0 }, "end": { "line": 120, "column": 14 } },
      "120": { "start": { "line": 121, "column": 0 }, "end": { "line": 121, "column": 19 } },
      "121": { "start": { "line": 122, "column": 0 }, "end": { "line": 122, "column": 23 } },
      "122": { "start": { "line": 123, "column": 0 }, "end": { "line": 123, "column": 34 } },
      "123": { "start": { "line": 124, "column": 0 }, "end": { "line": 124, "column": 39 } },
      "124": { "start": { "line": 125, "column": 0 }, "end": { "line": 125, "column": 56 } },
      "125": { "start": { "line": 126, "column": 0 }, "end": { "line": 126, "column": 71 } },
      "126": { "start": { "line": 127, "column": 0 }, "end": { "line": 127, "column": 13 } },
      "127": { "start": { "line": 128, "column": 0 }, "end": { "line": 128, "column": 26 } },
      "128": { "start": { "line": 129, "column": 0 }, "end": { "line": 129, "column": 21 } },
      "129": { "start": { "line": 130, "column": 0 }, "end": { "line": 130, "column": 13 } },
      "130": { "start": { "line": 131, "column": 0 }, "end": { "line": 131, "column": 10 } },
      "131": { "start": { "line": 132, "column": 0 }, "end": { "line": 132, "column": 0 } },
      "132": { "start": { "line": 133, "column": 0 }, "end": { "line": 133, "column": 68 } },
      "133": { "start": { "line": 134, "column": 0 }, "end": { "line": 134, "column": 12 } },
      "134": { "start": { "line": 135, "column": 0 }, "end": { "line": 135, "column": 0 } },
      "135": { "start": { "line": 136, "column": 0 }, "end": { "line": 136, "column": 24 } },
      "136": { "start": { "line": 137, "column": 0 }, "end": { "line": 137, "column": 29 } },
      "137": { "start": { "line": 138, "column": 0 }, "end": { "line": 138, "column": 46 } },
      "138": { "start": { "line": 139, "column": 0 }, "end": { "line": 139, "column": 51 } },
      "139": { "start": { "line": 140, "column": 0 }, "end": { "line": 140, "column": 45 } },
      "140": { "start": { "line": 141, "column": 0 }, "end": { "line": 141, "column": 31 } },
      "141": { "start": { "line": 142, "column": 0 }, "end": { "line": 142, "column": 8 } },
      "142": { "start": { "line": 143, "column": 0 }, "end": { "line": 143, "column": 0 } },
      "143": { "start": { "line": 144, "column": 0 }, "end": { "line": 144, "column": 20 } },
      "144": { "start": { "line": 145, "column": 0 }, "end": { "line": 145, "column": 34 } },
      "145": { "start": { "line": 146, "column": 0 }, "end": { "line": 146, "column": 39 } },
      "146": { "start": { "line": 147, "column": 0 }, "end": { "line": 147, "column": 161 } },
      "147": { "start": { "line": 148, "column": 0 }, "end": { "line": 148, "column": 40 } },
      "148": { "start": { "line": 149, "column": 0 }, "end": { "line": 149, "column": 36 } },
      "149": { "start": { "line": 150, "column": 0 }, "end": { "line": 150, "column": 19 } },
      "150": { "start": { "line": 151, "column": 0 }, "end": { "line": 151, "column": 38 } },
      "151": { "start": { "line": 152, "column": 0 }, "end": { "line": 152, "column": 52 } },
      "152": { "start": { "line": 153, "column": 0 }, "end": { "line": 153, "column": 8 } },
      "153": { "start": { "line": 154, "column": 0 }, "end": { "line": 154, "column": 13 } },
      "154": { "start": { "line": 155, "column": 0 }, "end": { "line": 155, "column": 4 } },
      "155": { "start": { "line": 156, "column": 0 }, "end": { "line": 156, "column": 2 } }
    },
    "s": {
      "0": 1,
      "1": 1,
      "2": 1,
      "3": 1,
      "4": 1,
      "5": 1,
      "6": 1,
      "7": 1,
      "8": 1,
      "9": 1,
      "10": 1,
      "11": 1,
      "12": 1,
      "13": 1,
      "14": 1,
      "15": 1,
      "16": 1,
      "17": 1,
      "18": 1,
      "19": 1,
      "20": 1,
      "21": 1,
      "22": 1,
      "23": 1,
      "24": 1,
      "25": 1,
      "26": 1,
      "27": 1,
      "28": 1,
      "29": 1,
      "30": 1,
      "31": 1,
      "32": 1,
      "33": 1,
      "34": 1,
      "35": 1,
      "36": 1,
      "37": 1,
      "38": 1,
      "39": 1,
      "40": 1,
      "41": 1,
      "42": 1,
      "43": 1,
      "44": 1,
      "45": 45,
      "46": 45,
      "47": 45,
      "48": 45,
      "49": 45,
      "50": 45,
      "51": 45,
      "52": 45,
      "53": 45,
      "54": 45,
      "55": 45,
      "56": 45,
      "57": 24,
      "58": 6,
      "59": 6,
      "60": 6,
      "61": 5,
      "62": 4,
      "63": 3,
      "64": 3,
      "65": 6,
      "66": 24,
      "67": 24,
      "68": 45,
      "69": 45,
      "70": 45,
      "71": 1,
      "72": 1,
      "73": 1,
      "74": 45,
      "75": 45,
      "76": 45,
      "77": 45,
      "78": 45,
      "79": 45,
      "80": 45,
      "81": 45,
      "82": 45,
      "83": 45,
      "84": 45,
      "85": 45,
      "86": 45,
      "87": 45,
      "88": 45,
      "89": 45,
      "90": 45,
      "91": 45,
      "92": 45,
      "93": 45,
      "94": 45,
      "95": 45,
      "96": 45,
      "97": 45,
      "98": 45,
      "99": 33,
      "100": 132,
      "101": 132,
      "102": 132,
      "103": 132,
      "104": 132,
      "105": 132,
      "106": 132,
      "107": 132,
      "108": 132,
      "109": 132,
      "110": 132,
      "111": 33,
      "112": 45,
      "113": 45,
      "114": 45,
      "115": 33,
      "116": 33,
      "117": 33,
      "118": 33,
      "119": 33,
      "120": 33,
      "121": 33,
      "122": 33,
      "123": 33,
      "124": 33,
      "125": 33,
      "126": 33,
      "127": 33,
      "128": 33,
      "129": 33,
      "130": 45,
      "131": 45,
      "132": 45,
      "133": 45,
      "134": 45,
      "135": 45,
      "136": 45,
      "137": 45,
      "138": 45,
      "139": 45,
      "140": 45,
      "141": 45,
      "142": 45,
      "143": 45,
      "144": 45,
      "145": 45,
      "146": 45,
      "147": 45,
      "148": 45,
      "149": 45,
      "150": 45,
      "151": 45,
      "152": 45,
      "153": 45,
      "154": 45,
      "155": 45
    },
    "branchMap": {
      "0": {
        "type": "branch",
        "line": 45,
        "loc": { "start": { "line": 45, "column": 45 }, "end": { "line": 156, "column": 2 } },
        "locations": [
          { "start": { "line": 45, "column": 45 }, "end": { "line": 156, "column": 2 } }
        ]
      },
      "1": {
        "type": "branch",
        "line": 99,
        "loc": { "start": { "line": 99, "column": 23 }, "end": { "line": 112, "column": 15 } },
        "locations": [
          { "start": { "line": 99, "column": 23 }, "end": { "line": 112, "column": 15 } }
        ]
      },
      "2": {
        "type": "branch",
        "line": 115,
        "loc": { "start": { "line": 115, "column": 21 }, "end": { "line": 130, "column": 13 } },
        "locations": [
          { "start": { "line": 115, "column": 21 }, "end": { "line": 130, "column": 13 } }
        ]
      },
      "3": {
        "type": "branch",
        "line": 57,
        "loc": { "start": { "line": 57, "column": 12 }, "end": { "line": 69, "column": 5 } },
        "locations": [{ "start": { "line": 57, "column": 12 }, "end": { "line": 69, "column": 5 } }]
      },
      "4": {
        "type": "branch",
        "line": 58,
        "loc": { "start": { "line": 58, "column": 26 }, "end": { "line": 66, "column": 6 } },
        "locations": [{ "start": { "line": 58, "column": 26 }, "end": { "line": 66, "column": 6 } }]
      },
      "5": {
        "type": "branch",
        "line": 59,
        "loc": { "start": { "line": 59, "column": 45 }, "end": { "line": 59, "column": 77 } },
        "locations": [
          { "start": { "line": 59, "column": 45 }, "end": { "line": 59, "column": 77 } }
        ]
      },
      "6": {
        "type": "branch",
        "line": 60,
        "loc": { "start": { "line": 60, "column": 32 }, "end": { "line": 60, "column": 53 } },
        "locations": [
          { "start": { "line": 60, "column": 32 }, "end": { "line": 60, "column": 53 } }
        ]
      },
      "7": {
        "type": "branch",
        "line": 60,
        "loc": { "start": { "line": 60, "column": 42 }, "end": { "line": 60, "column": 67 } },
        "locations": [
          { "start": { "line": 60, "column": 42 }, "end": { "line": 60, "column": 67 } }
        ]
      },
      "8": {
        "type": "branch",
        "line": 60,
        "loc": { "start": { "line": 60, "column": 56 }, "end": { "line": 60, "column": 77 } },
        "locations": [
          { "start": { "line": 60, "column": 56 }, "end": { "line": 60, "column": 77 } }
        ]
      },
      "9": {
        "type": "branch",
        "line": 61,
        "loc": { "start": { "line": 61, "column": 11 }, "end": { "line": 61, "column": 31 } },
        "locations": [
          { "start": { "line": 61, "column": 11 }, "end": { "line": 61, "column": 31 } }
        ]
      },
      "10": {
        "type": "branch",
        "line": 61,
        "loc": { "start": { "line": 61, "column": 31 }, "end": { "line": 62, "column": 43 } },
        "locations": [
          { "start": { "line": 61, "column": 31 }, "end": { "line": 62, "column": 43 } }
        ]
      },
      "11": {
        "type": "branch",
        "line": 61,
        "loc": { "start": { "line": 61, "column": 31 }, "end": { "line": 61, "column": 38 } },
        "locations": [
          { "start": { "line": 61, "column": 31 }, "end": { "line": 61, "column": 38 } }
        ]
      },
      "12": {
        "type": "branch",
        "line": 62,
        "loc": { "start": { "line": 62, "column": 36 }, "end": { "line": 62, "column": 43 } },
        "locations": [
          { "start": { "line": 62, "column": 36 }, "end": { "line": 62, "column": 43 } }
        ]
      },
      "13": {
        "type": "branch",
        "line": 62,
        "loc": { "start": { "line": 62, "column": 36 }, "end": { "line": 63, "column": 33 } },
        "locations": [
          { "start": { "line": 62, "column": 36 }, "end": { "line": 63, "column": 33 } }
        ]
      },
      "14": {
        "type": "branch",
        "line": 62,
        "loc": { "start": { "line": 62, "column": 36 }, "end": { "line": 63, "column": 33 } },
        "locations": [
          { "start": { "line": 62, "column": 36 }, "end": { "line": 63, "column": 33 } }
        ]
      },
      "15": {
        "type": "branch",
        "line": 63,
        "loc": { "start": { "line": 63, "column": 26 }, "end": { "line": 63, "column": 33 } },
        "locations": [
          { "start": { "line": 63, "column": 26 }, "end": { "line": 63, "column": 33 } }
        ]
      },
      "16": {
        "type": "branch",
        "line": 63,
        "loc": { "start": { "line": 63, "column": 26 }, "end": { "line": 65, "column": 28 } },
        "locations": [
          { "start": { "line": 63, "column": 26 }, "end": { "line": 65, "column": 28 } }
        ]
      },
      "17": {
        "type": "branch",
        "line": 68,
        "loc": { "start": { "line": 68, "column": 11 }, "end": { "line": 68, "column": 70 } },
        "locations": [
          { "start": { "line": 68, "column": 11 }, "end": { "line": 68, "column": 70 } }
        ]
      },
      "18": {
        "type": "branch",
        "line": 71,
        "loc": { "start": { "line": 71, "column": 29 }, "end": { "line": 74, "column": 4 } },
        "locations": [{ "start": { "line": 71, "column": 29 }, "end": { "line": 74, "column": 4 } }]
      },
      "19": {
        "type": "branch",
        "line": 93,
        "loc": { "start": { "line": 93, "column": 20 }, "end": { "line": 93, "column": 62 } },
        "locations": [
          { "start": { "line": 93, "column": 20 }, "end": { "line": 93, "column": 62 } }
        ]
      },
      "20": {
        "type": "branch",
        "line": 100,
        "loc": { "start": { "line": 100, "column": 30 }, "end": { "line": 111, "column": 23 } },
        "locations": [
          { "start": { "line": 100, "column": 30 }, "end": { "line": 111, "column": 23 } }
        ]
      },
      "21": {
        "type": "branch",
        "line": 108,
        "loc": { "start": { "line": 108, "column": 36 }, "end": { "line": 108, "column": 49 } },
        "locations": [
          { "start": { "line": 108, "column": 36 }, "end": { "line": 108, "column": 49 } }
        ]
      },
      "22": {
        "type": "branch",
        "line": 108,
        "loc": { "start": { "line": 108, "column": 40 }, "end": { "line": 108, "column": 55 } },
        "locations": [
          { "start": { "line": 108, "column": 40 }, "end": { "line": 108, "column": 55 } }
        ]
      },
      "23": {
        "type": "branch",
        "line": 107,
        "loc": { "start": { "line": 107, "column": 25 }, "end": { "line": 107, "column": 50 } },
        "locations": [
          { "start": { "line": 107, "column": 25 }, "end": { "line": 107, "column": 50 } }
        ]
      },
      "24": {
        "type": "branch",
        "line": 125,
        "loc": { "start": { "line": 125, "column": 23 }, "end": { "line": 125, "column": 56 } },
        "locations": [
          { "start": { "line": 125, "column": 23 }, "end": { "line": 125, "column": 56 } }
        ]
      },
      "25": {
        "type": "branch",
        "line": 133,
        "loc": { "start": { "line": 133, "column": 37 }, "end": { "line": 133, "column": 66 } },
        "locations": [
          { "start": { "line": 133, "column": 37 }, "end": { "line": 133, "column": 66 } }
        ]
      },
      "26": {
        "type": "branch",
        "line": 152,
        "loc": { "start": { "line": 152, "column": 18 }, "end": { "line": 152, "column": 52 } },
        "locations": [
          { "start": { "line": 152, "column": 18 }, "end": { "line": 152, "column": 52 } }
        ]
      }
    },
    "b": {
      "0": [45],
      "1": [33],
      "2": [33],
      "3": [24],
      "4": [6],
      "5": [1],
      "6": [4],
      "7": [4],
      "8": [4],
      "9": [5],
      "10": [5],
      "11": [1],
      "12": [1],
      "13": [5],
      "14": [4],
      "15": [1],
      "16": [3],
      "17": [24],
      "18": [1],
      "19": [2],
      "20": [132],
      "21": [130],
      "22": [2],
      "23": [4],
      "24": [5],
      "25": [1],
      "26": [2]
    },
    "fnMap": {
      "0": {
        "name": "Navbar",
        "decl": { "start": { "line": 45, "column": 45 }, "end": { "line": 156, "column": 2 } },
        "loc": { "start": { "line": 45, "column": 45 }, "end": { "line": 156, "column": 2 } },
        "line": 45
      },
      "1": {
        "name": "handleKeyDown",
        "decl": { "start": { "line": 58, "column": 26 }, "end": { "line": 66, "column": 6 } },
        "loc": { "start": { "line": 58, "column": 26 }, "end": { "line": 66, "column": 6 } },
        "line": 58
      },
      "2": {
        "name": "handleConfirmReset",
        "decl": { "start": { "line": 71, "column": 29 }, "end": { "line": 74, "column": 4 } },
        "loc": { "start": { "line": 71, "column": 29 }, "end": { "line": 74, "column": 4 } },
        "line": 71
      },
      "3": {
        "name": "onClick",
        "decl": { "start": { "line": 83, "column": 19 }, "end": { "line": 83, "column": 46 } },
        "loc": { "start": { "line": 83, "column": 19 }, "end": { "line": 83, "column": 46 } },
        "line": 83
      },
      "4": {
        "name": "onChange",
        "decl": { "start": { "line": 93, "column": 20 }, "end": { "line": 93, "column": 62 } },
        "loc": { "start": { "line": 93, "column": 20 }, "end": { "line": 93, "column": 62 } },
        "line": 93
      },
      "5": {
        "name": "onClick",
        "decl": { "start": { "line": 107, "column": 25 }, "end": { "line": 107, "column": 50 } },
        "loc": { "start": { "line": 107, "column": 25 }, "end": { "line": 107, "column": 50 } },
        "line": 107
      },
      "6": {
        "name": "onClick",
        "decl": { "start": { "line": 125, "column": 23 }, "end": { "line": 125, "column": 56 } },
        "loc": { "start": { "line": 125, "column": 23 }, "end": { "line": 125, "column": 56 } },
        "line": 125
      },
      "7": {
        "name": "onOpenDrawer",
        "decl": { "start": { "line": 133, "column": 37 }, "end": { "line": 133, "column": 66 } },
        "loc": { "start": { "line": 133, "column": 37 }, "end": { "line": 133, "column": 66 } },
        "line": 133
      },
      "8": {
        "name": "onClose",
        "decl": { "start": { "line": 138, "column": 17 }, "end": { "line": 138, "column": 46 } },
        "loc": { "start": { "line": 138, "column": 17 }, "end": { "line": 138, "column": 46 } },
        "line": 138
      },
      "9": {
        "name": "onCancel",
        "decl": { "start": { "line": 152, "column": 18 }, "end": { "line": 152, "column": 52 } },
        "loc": { "start": { "line": 152, "column": 18 }, "end": { "line": 152, "column": 52 } },
        "line": 152
      }
    },
    "f": { "0": 45, "1": 6, "2": 1, "3": 0, "4": 2, "5": 4, "6": 5, "7": 1, "8": 0, "9": 2 }
  }
}
