{
  "/Users/onurseckinsenoglu/repos/dsa_visualizer/src/routes/__root.tsx": {
    "path": "/Users/onurseckinsenoglu/repos/dsa_visualizer/src/routes/__root.tsx",
    "all": false,
    "statementMap": {
      "0": { "start": { "line": 1, "column": 0 }, "end": { "line": 1, "column": 94 } },
      "1": { "start": { "line": 2, "column": 0 }, "end": { "line": 2, "column": 39 } },
      "2": { "start": { "line": 3, "column": 0 }, "end": { "line": 3, "column": 46 } },
      "3": { "start": { "line": 4, "column": 0 }, "end": { "line": 4, "column": 47 } },
      "4": { "start": { "line": 5, "column": 0 }, "end": { "line": 5, "column": 71 } },
      "5": { "start": { "line": 6, "column": 0 }, "end": { "line": 6, "column": 0 } },
      "6": { "start": { "line": 7, "column": 0 }, "end": { "line": 7, "column": 38 } },
      "7": { "start": { "line": 8, "column": 0 }, "end": { "line": 8, "column": 27 } },
      "8": { "start": { "line": 9, "column": 0 }, "end": { "line": 9, "column": 3 } },
      "9": { "start": { "line": 10, "column": 0 }, "end": { "line": 10, "column": 0 } },
      "10": { "start": { "line": 11, "column": 0 }, "end": { "line": 11, "column": 46 } },
      "11": { "start": { "line": 12, "column": 0 }, "end": { "line": 12, "column": 10 } },
      "12": { "start": { "line": 13, "column": 0 }, "end": { "line": 13, "column": 22 } },
      "13": { "start": { "line": 14, "column": 0 }, "end": { "line": 14, "column": 19 } },
      "14": { "start": { "line": 15, "column": 0 }, "end": { "line": 15, "column": 23 } },
      "15": { "start": { "line": 16, "column": 0 }, "end": { "line": 16, "column": 4 } },
      "16": { "start": { "line": 17, "column": 0 }, "end": { "line": 17, "column": 1 } },
      "17": { "start": { "line": 18, "column": 0 }, "end": { "line": 18, "column": 0 } },
      "18": { "start": { "line": 19, "column": 0 }, "end": { "line": 19, "column": 42 } },
      "19": { "start": { "line": 20, "column": 0 }, "end": { "line": 20, "column": 33 } },
      "20": { "start": { "line": 21, "column": 0 }, "end": { "line": 21, "column": 82 } },
      "21": { "start": { "line": 22, "column": 0 }, "end": { "line": 22, "column": 9 } },
      "22": { "start": { "line": 23, "column": 0 }, "end": { "line": 23, "column": 11 } },
      "23": { "start": { "line": 24, "column": 0 }, "end": { "line": 24, "column": 16 } },
      "24": { "start": { "line": 25, "column": 0 }, "end": { "line": 25, "column": 20 } },
      "25": { "start": { "line": 26, "column": 0 }, "end": { "line": 26, "column": 23 } },
      "26": { "start": { "line": 27, "column": 0 }, "end": { "line": 27, "column": 20 } },
      "27": { "start": { "line": 28, "column": 0 }, "end": { "line": 28, "column": 0 } },
      "28": { "start": { "line": 29, "column": 0 }, "end": { "line": 29, "column": 26 } },
      "29": { "start": { "line": 30, "column": 0 }, "end": { "line": 30, "column": 20 } },
      "30": { "start": { "line": 31, "column": 0 }, "end": { "line": 31, "column": 14 } },
      "31": { "start": { "line": 32, "column": 0 }, "end": { "line": 32, "column": 40 } },
      "32": { "start": { "line": 33, "column": 0 }, "end": { "line": 33, "column": 14 } },
      "33": { "start": { "line": 34, "column": 0 }, "end": { "line": 34, "column": 38 } },
      "34": { "start": { "line": 35, "column": 0 }, "end": { "line": 35, "column": 16 } },
      "35": { "start": { "line": 36, "column": 0 }, "end": { "line": 36, "column": 20 } },
      "36": { "start": { "line": 37, "column": 0 }, "end": { "line": 37, "column": 0 } },
      "37": { "start": { "line": 38, "column": 0 }, "end": { "line": 38, "column": 47 } },
      "38": { "start": { "line": 39, "column": 0 }, "end": { "line": 39, "column": 26 } },
      "39": { "start": { "line": 40, "column": 0 }, "end": { "line": 40, "column": 28 } },
      "40": { "start": { "line": 41, "column": 0 }, "end": { "line": 41, "column": 33 } },
      "41": { "start": { "line": 42, "column": 0 }, "end": { "line": 42, "column": 48 } },
      "42": { "start": { "line": 43, "column": 0 }, "end": { "line": 43, "column": 35 } },
      "43": { "start": { "line": 44, "column": 0 }, "end": { "line": 44, "column": 34 } },
      "44": { "start": { "line": 45, "column": 0 }, "end": { "line": 45, "column": 12 } },
      "45": { "start": { "line": 46, "column": 0 }, "end": { "line": 46, "column": 92 } },
      "46": { "start": { "line": 47, "column": 0 }, "end": { "line": 47, "column": 5 } },
      "47": { "start": { "line": 48, "column": 0 }, "end": { "line": 48, "column": 4 } },
      "48": { "start": { "line": 49, "column": 0 }, "end": { "line": 49, "column": 0 } },
      "49": { "start": { "line": 50, "column": 0 }, "end": { "line": 50, "column": 64 } },
      "50": { "start": { "line": 51, "column": 0 }, "end": { "line": 51, "column": 36 } },
      "51": { "start": { "line": 52, "column": 0 }, "end": { "line": 52, "column": 73 } },
      "52": { "start": { "line": 53, "column": 0 }, "end": { "line": 53, "column": 4 } },
      "53": { "start": { "line": 54, "column": 0 }, "end": { "line": 54, "column": 0 } },
      "54": { "start": { "line": 55, "column": 0 }, "end": { "line": 55, "column": 10 } },
      "55": { "start": { "line": 56, "column": 0 }, "end": { "line": 56, "column": 68 } },
      "56": { "start": { "line": 57, "column": 0 }, "end": { "line": 57, "column": 13 } },
      "57": { "start": { "line": 58, "column": 0 }, "end": { "line": 58, "column": 25 } },
      "58": { "start": { "line": 59, "column": 0 }, "end": { "line": 59, "column": 39 } },
      "59": { "start": { "line": 60, "column": 0 }, "end": { "line": 60, "column": 31 } },
      "60": { "start": { "line": 61, "column": 0 }, "end": { "line": 61, "column": 43 } },
      "61": { "start": { "line": 62, "column": 0 }, "end": { "line": 62, "column": 61 } },
      "62": { "start": { "line": 63, "column": 0 }, "end": { "line": 63, "column": 23 } },
      "63": { "start": { "line": 64, "column": 0 }, "end": { "line": 64, "column": 35 } },
      "64": { "start": { "line": 65, "column": 0 }, "end": { "line": 65, "column": 8 } },
      "65": { "start": { "line": 66, "column": 0 }, "end": { "line": 66, "column": 0 } },
      "66": { "start": { "line": 67, "column": 0 }, "end": { "line": 67, "column": 16 } },
      "67": { "start": { "line": 68, "column": 0 }, "end": { "line": 68, "column": 10 } },
      "68": { "start": { "line": 69, "column": 0 }, "end": { "line": 69, "column": 4 } },
      "69": { "start": { "line": 70, "column": 0 }, "end": { "line": 70, "column": 1 } }
    },
    "s": {
      "0": 1,
      "1": 1,
      "2": 1,
      "3": 1,
      "4": 1,
      "5": 1,
      "6": 1,
      "7": 1,
      "8": 1,
      "9": 1,
      "10": 35,
      "11": 35,
      "12": 35,
      "13": 35,
      "14": 35,
      "15": 35,
      "16": 35,
      "17": 1,
      "18": 41,
      "19": 41,
      "20": 41,
      "21": 41,
      "22": 41,
      "23": 41,
      "24": 41,
      "25": 41,
      "26": 41,
      "27": 41,
      "28": 41,
      "29": 41,
      "30": 2,
      "31": 34,
      "32": 2,
      "33": 32,
      "34": 26,
      "35": 6,
      "36": 41,
      "37": 41,
      "38": 4,
      "39": 1,
      "40": 4,
      "41": 1,
      "42": 3,
      "43": 1,
      "44": 1,
      "45": 1,
      "46": 1,
      "47": 4,
      "48": 41,
      "49": 41,
      "50": 1,
      "51": 1,
      "52": 1,
      "53": 41,
      "54": 41,
      "55": 41,
      "56": 41,
      "57": 41,
      "58": 41,
      "59": 41,
      "60": 41,
      "61": 41,
      "62": 41,
      "63": 41,
      "64": 41,
      "65": 41,
      "66": 41,
      "67": 41,
      "68": 41,
      "69": 41
    },
    "branchMap": {
      "0": {
        "type": "branch",
        "line": 11,
        "loc": { "start": { "line": 11, "column": 0 }, "end": { "line": 17, "column": 1 } },
        "locations": [{ "start": { "line": 11, "column": 0 }, "end": { "line": 17, "column": 1 } }]
      },
      "1": {
        "type": "branch",
        "line": 19,
        "loc": { "start": { "line": 19, "column": 0 }, "end": { "line": 70, "column": 1 } },
        "locations": [{ "start": { "line": 19, "column": 0 }, "end": { "line": 70, "column": 1 } }]
      },
      "2": {
        "type": "branch",
        "line": 30,
        "loc": { "start": { "line": 30, "column": 17 }, "end": { "line": 31, "column": 14 } },
        "locations": [
          { "start": { "line": 30, "column": 17 }, "end": { "line": 31, "column": 14 } }
        ]
      },
      "3": {
        "type": "branch",
        "line": 31,
        "loc": { "start": { "line": 31, "column": 8 }, "end": { "line": 36, "column": 20 } },
        "locations": [{ "start": { "line": 31, "column": 8 }, "end": { "line": 36, "column": 20 } }]
      },
      "4": {
        "type": "branch",
        "line": 32,
        "loc": { "start": { "line": 32, "column": 39 }, "end": { "line": 33, "column": 14 } },
        "locations": [
          { "start": { "line": 32, "column": 39 }, "end": { "line": 33, "column": 14 } }
        ]
      },
      "5": {
        "type": "branch",
        "line": 33,
        "loc": { "start": { "line": 33, "column": 8 }, "end": { "line": 36, "column": 20 } },
        "locations": [{ "start": { "line": 33, "column": 8 }, "end": { "line": 36, "column": 20 } }]
      },
      "6": {
        "type": "branch",
        "line": 34,
        "loc": { "start": { "line": 34, "column": 37 }, "end": { "line": 35, "column": 16 } },
        "locations": [
          { "start": { "line": 34, "column": 37 }, "end": { "line": 35, "column": 16 } }
        ]
      },
      "7": {
        "type": "branch",
        "line": 35,
        "loc": { "start": { "line": 35, "column": 8 }, "end": { "line": 36, "column": 20 } },
        "locations": [{ "start": { "line": 35, "column": 8 }, "end": { "line": 36, "column": 20 } }]
      },
      "8": {
        "type": "branch",
        "line": 21,
        "loc": { "start": { "line": 21, "column": 45 }, "end": { "line": 21, "column": 79 } },
        "locations": [
          { "start": { "line": 21, "column": 45 }, "end": { "line": 21, "column": 79 } }
        ]
      },
      "9": {
        "type": "branch",
        "line": 38,
        "loc": { "start": { "line": 38, "column": 27 }, "end": { "line": 48, "column": 4 } },
        "locations": [{ "start": { "line": 38, "column": 27 }, "end": { "line": 48, "column": 4 } }]
      },
      "10": {
        "type": "branch",
        "line": 39,
        "loc": { "start": { "line": 39, "column": 25 }, "end": { "line": 41, "column": 15 } },
        "locations": [
          { "start": { "line": 39, "column": 25 }, "end": { "line": 41, "column": 15 } }
        ]
      },
      "11": {
        "type": "branch",
        "line": 41,
        "loc": { "start": { "line": 41, "column": 4 }, "end": { "line": 47, "column": 5 } },
        "locations": [{ "start": { "line": 41, "column": 4 }, "end": { "line": 47, "column": 5 } }]
      },
      "12": {
        "type": "branch",
        "line": 41,
        "loc": { "start": { "line": 41, "column": 32 }, "end": { "line": 43, "column": 15 } },
        "locations": [
          { "start": { "line": 41, "column": 32 }, "end": { "line": 43, "column": 15 } }
        ]
      },
      "13": {
        "type": "branch",
        "line": 43,
        "loc": { "start": { "line": 43, "column": 4 }, "end": { "line": 47, "column": 5 } },
        "locations": [{ "start": { "line": 43, "column": 4 }, "end": { "line": 47, "column": 5 } }]
      },
      "14": {
        "type": "branch",
        "line": 43,
        "loc": { "start": { "line": 43, "column": 34 }, "end": { "line": 47, "column": 5 } },
        "locations": [{ "start": { "line": 43, "column": 34 }, "end": { "line": 47, "column": 5 } }]
      },
      "15": {
        "type": "branch",
        "line": 50,
        "loc": { "start": { "line": 50, "column": 38 }, "end": { "line": 53, "column": 4 } },
        "locations": [{ "start": { "line": 50, "column": 38 }, "end": { "line": 53, "column": 4 } }]
      }
    },
    "b": {
      "0": [35],
      "1": [41],
      "2": [2],
      "3": [34],
      "4": [2],
      "5": [32],
      "6": [26],
      "7": [6],
      "8": [84],
      "9": [4],
      "10": [1],
      "11": [3],
      "12": [1],
      "13": [2],
      "14": [1],
      "15": [1]
    },
    "fnMap": {
      "0": {
        "name": "RootComponent",
        "decl": { "start": { "line": 11, "column": 0 }, "end": { "line": 17, "column": 1 } },
        "loc": { "start": { "line": 11, "column": 0 }, "end": { "line": 17, "column": 1 } },
        "line": 11
      },
      "1": {
        "name": "RootShell",
        "decl": { "start": { "line": 19, "column": 0 }, "end": { "line": 70, "column": 1 } },
        "loc": { "start": { "line": 19, "column": 0 }, "end": { "line": 70, "column": 1 } },
        "line": 19
      },
      "2": {
        "name": "select",
        "decl": { "start": { "line": 21, "column": 45 }, "end": { "line": 21, "column": 79 } },
        "loc": { "start": { "line": 21, "column": 45 }, "end": { "line": 21, "column": 79 } },
        "line": 21
      },
      "3": {
        "name": "handleSetAppView",
        "decl": { "start": { "line": 38, "column": 27 }, "end": { "line": 48, "column": 4 } },
        "loc": { "start": { "line": 38, "column": 27 }, "end": { "line": 48, "column": 4 } },
        "line": 38
      },
      "4": {
        "name": "handleGlobalSelectAlgorithm",
        "decl": { "start": { "line": 50, "column": 38 }, "end": { "line": 53, "column": 4 } },
        "loc": { "start": { "line": 50, "column": 38 }, "end": { "line": 53, "column": 4 } },
        "line": 50
      }
    },
    "f": { "0": 35, "1": 41, "2": 84, "3": 4, "4": 1 }
  },
  "/Users/onurseckinsenoglu/repos/dsa_visualizer/src/routes/index.tsx": {
    "path": "/Users/onurseckinsenoglu/repos/dsa_visualizer/src/routes/index.tsx",
    "all": false,
    "statementMap": {
      "0": { "start": { "line": 1, "column": 0 }, "end": { "line": 1, "column": 70 } },
      "1": { "start": { "line": 2, "column": 0 }, "end": { "line": 2, "column": 44 } },
      "2": { "start": { "line": 3, "column": 0 }, "end": { "line": 3, "column": 62 } },
      "3": { "start": { "line": 4, "column": 0 }, "end": { "line": 4, "column": 0 } },
      "4": { "start": { "line": 5, "column": 0 }, "end": { "line": 5, "column": 43 } },
      "5": { "start": { "line": 6, "column": 0 }, "end": { "line": 6, "column": 31 } },
      "6": { "start": { "line": 7, "column": 0 }, "end": { "line": 7, "column": 3 } },
      "7": { "start": { "line": 8, "column": 0 }, "end": { "line": 8, "column": 0 } },
      "8": { "start": { "line": 9, "column": 0 }, "end": { "line": 9, "column": 50 } },
      "9": { "start": { "line": 10, "column": 0 }, "end": { "line": 10, "column": 33 } },
      "10": { "start": { "line": 11, "column": 0 }, "end": { "line": 11, "column": 0 } },
      "11": { "start": { "line": 12, "column": 0 }, "end": { "line": 12, "column": 10 } },
      "12": { "start": { "line": 13, "column": 0 }, "end": { "line": 13, "column": 19 } },
      "13": { "start": { "line": 14, "column": 0 }, "end": { "line": 14, "column": 43 } },
      "14": { "start": { "line": 15, "column": 0 }, "end": { "line": 15, "column": 78 } },
      "15": { "start": { "line": 16, "column": 0 }, "end": { "line": 16, "column": 78 } },
      "16": { "start": { "line": 17, "column": 0 }, "end": { "line": 17, "column": 84 } },
      "17": { "start": { "line": 18, "column": 0 }, "end": { "line": 18, "column": 8 } },
      "18": { "start": { "line": 19, "column": 0 }, "end": { "line": 19, "column": 6 } },
      "19": { "start": { "line": 20, "column": 0 }, "end": { "line": 20, "column": 4 } },
      "20": { "start": { "line": 21, "column": 0 }, "end": { "line": 21, "column": 1 } }
    },
    "s": {
      "0": 1,
      "1": 1,
      "2": 1,
      "3": 1,
      "4": 1,
      "5": 1,
      "6": 1,
      "7": 1,
      "8": 1,
      "9": 1,
      "10": 1,
      "11": 1,
      "12": 1,
      "13": 1,
      "14": 1,
      "15": 1,
      "16": 1,
      "17": 1,
      "18": 1,
      "19": 1,
      "20": 1
    },
    "branchMap": {
      "0": {
        "type": "branch",
        "line": 1,
        "loc": { "start": { "line": 1, "column": 0 }, "end": { "line": 7, "column": 3 } },
        "locations": [{ "start": { "line": 1, "column": 0 }, "end": { "line": 7, "column": 3 } }]
      },
      "1": {
        "type": "branch",
        "line": 1,
        "loc": { "start": { "line": 1, "column": 0 }, "end": { "line": 7, "column": 3 } },
        "locations": [{ "start": { "line": 1, "column": 0 }, "end": { "line": 7, "column": 3 } }]
      }
    },
    "b": { "0": [1], "1": [1] },
    "fnMap": {},
    "f": {}
  },
  "/Users/onurseckinsenoglu/repos/dsa_visualizer/src/routes/problems.tsx": {
    "path": "/Users/onurseckinsenoglu/repos/dsa_visualizer/src/routes/problems.tsx",
    "all": false,
    "statementMap": {
      "0": { "start": { "line": 1, "column": 0 }, "end": { "line": 1, "column": 57 } },
      "1": { "start": { "line": 2, "column": 0 }, "end": { "line": 2, "column": 44 } },
      "2": { "start": { "line": 3, "column": 0 }, "end": { "line": 3, "column": 56 } },
      "3": { "start": { "line": 4, "column": 0 }, "end": { "line": 4, "column": 51 } },
      "4": { "start": { "line": 5, "column": 0 }, "end": { "line": 5, "column": 53 } },
      "5": { "start": { "line": 6, "column": 0 }, "end": { "line": 6, "column": 0 } },
      "6": { "start": { "line": 7, "column": 0 }, "end": { "line": 7, "column": 26 } },
      "7": { "start": { "line": 8, "column": 0 }, "end": { "line": 8, "column": 26 } },
      "8": { "start": { "line": 9, "column": 0 }, "end": { "line": 9, "column": 1 } },
      "9": { "start": { "line": 10, "column": 0 }, "end": { "line": 10, "column": 0 } },
      "10": { "start": { "line": 11, "column": 0 }, "end": { "line": 11, "column": 51 } },
      "11": { "start": { "line": 12, "column": 0 }, "end": { "line": 12, "column": 78 } },
      "12": { "start": { "line": 13, "column": 0 }, "end": { "line": 13, "column": 74 } },
      "13": { "start": { "line": 14, "column": 0 }, "end": { "line": 14, "column": 19 } },
      "14": { "start": { "line": 15, "column": 0 }, "end": { "line": 15, "column": 81 } },
      "15": { "start": { "line": 16, "column": 0 }, "end": { "line": 16, "column": 24 } },
      "16": { "start": { "line": 17, "column": 0 }, "end": { "line": 17, "column": 80 } },
      "17": { "start": { "line": 18, "column": 0 }, "end": { "line": 18, "column": 4 } },
      "18": { "start": { "line": 19, "column": 0 }, "end": { "line": 19, "column": 26 } },
      "19": { "start": { "line": 20, "column": 0 }, "end": { "line": 20, "column": 3 } },
      "20": { "start": { "line": 21, "column": 0 }, "end": { "line": 21, "column": 0 } },
      "21": { "start": { "line": 22, "column": 0 }, "end": { "line": 22, "column": 45 } },
      "22": { "start": { "line": 23, "column": 0 }, "end": { "line": 23, "column": 41 } },
      "23": { "start": { "line": 24, "column": 0 }, "end": { "line": 24, "column": 39 } },
      "24": { "start": { "line": 25, "column": 0 }, "end": { "line": 25, "column": 47 } },
      "25": { "start": { "line": 26, "column": 0 }, "end": { "line": 26, "column": 0 } },
      "26": { "start": { "line": 27, "column": 0 }, "end": { "line": 27, "column": 10 } },
      "27": { "start": { "line": 28, "column": 0 }, "end": { "line": 28, "column": 16 } },
      "28": { "start": { "line": 29, "column": 0 }, "end": { "line": 29, "column": 34 } },
      "29": { "start": { "line": 30, "column": 0 }, "end": { "line": 30, "column": 35 } },
      "30": { "start": { "line": 31, "column": 0 }, "end": { "line": 31, "column": 80 } },
      "31": { "start": { "line": 32, "column": 0 }, "end": { "line": 32, "column": 71 } },
      "32": { "start": { "line": 33, "column": 0 }, "end": { "line": 33, "column": 8 } },
      "33": { "start": { "line": 34, "column": 0 }, "end": { "line": 34, "column": 43 } },
      "34": { "start": { "line": 35, "column": 0 }, "end": { "line": 35, "column": 40 } },
      "35": { "start": { "line": 36, "column": 0 }, "end": { "line": 36, "column": 77 } },
      "36": { "start": { "line": 37, "column": 0 }, "end": { "line": 37, "column": 8 } },
      "37": { "start": { "line": 38, "column": 0 }, "end": { "line": 38, "column": 6 } },
      "38": { "start": { "line": 39, "column": 0 }, "end": { "line": 39, "column": 4 } },
      "39": { "start": { "line": 40, "column": 0 }, "end": { "line": 40, "column": 1 } }
    },
    "s": {
      "0": 1,
      "1": 1,
      "2": 1,
      "3": 1,
      "4": 1,
      "5": 1,
      "6": 1,
      "7": 1,
      "8": 1,
      "9": 1,
      "10": 1,
      "11": 1,
      "12": 1,
      "13": 1,
      "14": 6,
      "15": 6,
      "16": 6,
      "17": 6,
      "18": 1,
      "19": 1,
      "20": 1,
      "21": 1,
      "22": 1,
      "23": 1,
      "24": 1,
      "25": 1,
      "26": 1,
      "27": 1,
      "28": 1,
      "29": 1,
      "30": 1,
      "31": 1,
      "32": 1,
      "33": 1,
      "34": 1,
      "35": 1,
      "36": 1,
      "37": 1,
      "38": 1,
      "39": 1
    },
    "branchMap": {
      "0": {
        "type": "branch",
        "line": 1,
        "loc": { "start": { "line": 1, "column": 0 }, "end": { "line": 20, "column": 3 } },
        "locations": [{ "start": { "line": 1, "column": 0 }, "end": { "line": 20, "column": 3 } }]
      },
      "1": {
        "type": "branch",
        "line": 1,
        "loc": { "start": { "line": 1, "column": 0 }, "end": { "line": 20, "column": 3 } },
        "locations": [{ "start": { "line": 1, "column": 0 }, "end": { "line": 20, "column": 3 } }]
      },
      "2": {
        "type": "branch",
        "line": 14,
        "loc": { "start": { "line": 14, "column": 18 }, "end": { "line": 18, "column": 4 } },
        "locations": [{ "start": { "line": 14, "column": 18 }, "end": { "line": 18, "column": 4 } }]
      },
      "3": {
        "type": "branch",
        "line": 17,
        "loc": { "start": { "line": 17, "column": 41 }, "end": { "line": 17, "column": 77 } },
        "locations": [
          { "start": { "line": 17, "column": 41 }, "end": { "line": 17, "column": 77 } }
        ]
      },
      "4": {
        "type": "branch",
        "line": 17,
        "loc": { "start": { "line": 17, "column": 4 }, "end": { "line": 17, "column": 26 } },
        "locations": [{ "start": { "line": 17, "column": 4 }, "end": { "line": 17, "column": 26 } }]
      }
    },
    "b": { "0": [1], "1": [1], "2": [6], "3": [0], "4": [1] },
    "fnMap": {
      "0": {
        "name": "validateSearch",
        "decl": { "start": { "line": 14, "column": 18 }, "end": { "line": 18, "column": 4 } },
        "loc": { "start": { "line": 14, "column": 18 }, "end": { "line": 18, "column": 4 } },
        "line": 14
      },
      "1": {
        "name": "get",
        "decl": { "start": { "line": 17, "column": 4 }, "end": { "line": 17, "column": 26 } },
        "loc": { "start": { "line": 17, "column": 4 }, "end": { "line": 17, "column": 26 } },
        "line": 17
      }
    },
    "f": { "0": 6, "1": 1 }
  },
  "/Users/onurseckinsenoglu/repos/dsa_visualizer/src/routes/trivia.tsx": {
    "path": "/Users/onurseckinsenoglu/repos/dsa_visualizer/src/routes/trivia.tsx",
    "all": false,
    "statementMap": {
      "0": { "start": { "line": 1, "column": 0 }, "end": { "line": 1, "column": 57 } },
      "1": { "start": { "line": 2, "column": 0 }, "end": { "line": 2, "column": 54 } },
      "2": { "start": { "line": 3, "column": 0 }, "end": { "line": 3, "column": 62 } },
      "3": { "start": { "line": 4, "column": 0 }, "end": { "line": 4, "column": 69 } },
      "4": { "start": { "line": 5, "column": 0 }, "end": { "line": 5, "column": 71 } },
      "5": { "start": { "line": 6, "column": 0 }, "end": { "line": 6, "column": 81 } },
      "6": { "start": { "line": 7, "column": 0 }, "end": { "line": 7, "column": 81 } },
      "7": { "start": { "line": 8, "column": 0 }, "end": { "line": 8, "column": 67 } },
      "8": { "start": { "line": 9, "column": 0 }, "end": { "line": 9, "column": 0 } },
      "9": { "start": { "line": 10, "column": 0 }, "end": { "line": 10, "column": 49 } },
      "10": { "start": { "line": 11, "column": 0 }, "end": { "line": 11, "column": 24 } },
      "11": { "start": { "line": 12, "column": 0 }, "end": { "line": 12, "column": 3 } },
      "12": { "start": { "line": 13, "column": 0 }, "end": { "line": 13, "column": 0 } },
      "13": { "start": { "line": 14, "column": 0 }, "end": { "line": 14, "column": 23 } },
      "14": { "start": { "line": 15, "column": 0 }, "end": { "line": 15, "column": 9 } },
      "15": { "start": { "line": 16, "column": 0 }, "end": { "line": 16, "column": 13 } },
      "16": { "start": { "line": 17, "column": 0 }, "end": { "line": 17, "column": 18 } },
      "17": { "start": { "line": 18, "column": 0 }, "end": { "line": 18, "column": 11 } },
      "18": { "start": { "line": 19, "column": 0 }, "end": { "line": 19, "column": 13 } },
      "19": { "start": { "line": 20, "column": 0 }, "end": { "line": 20, "column": 10 } },
      "20": { "start": { "line": 21, "column": 0 }, "end": { "line": 21, "column": 11 } },
      "21": { "start": { "line": 22, "column": 0 }, "end": { "line": 22, "column": 10 } },
      "22": { "start": { "line": 23, "column": 0 }, "end": { "line": 23, "column": 13 } },
      "23": { "start": { "line": 24, "column": 0 }, "end": { "line": 24, "column": 12 } },
      "24": { "start": { "line": 25, "column": 0 }, "end": { "line": 25, "column": 9 } },
      "25": { "start": { "line": 26, "column": 0 }, "end": { "line": 26, "column": 19 } },
      "26": { "start": { "line": 27, "column": 0 }, "end": { "line": 27, "column": 16 } },
      "27": { "start": { "line": 28, "column": 0 }, "end": { "line": 28, "column": 16 } },
      "28": { "start": { "line": 29, "column": 0 }, "end": { "line": 29, "column": 11 } },
      "29": { "start": { "line": 30, "column": 0 }, "end": { "line": 30, "column": 21 } },
      "30": { "start": { "line": 31, "column": 0 }, "end": { "line": 31, "column": 21 } },
      "31": { "start": { "line": 32, "column": 0 }, "end": { "line": 32, "column": 18 } },
      "32": { "start": { "line": 33, "column": 0 }, "end": { "line": 33, "column": 16 } },
      "33": { "start": { "line": 34, "column": 0 }, "end": { "line": 34, "column": 17 } },
      "34": { "start": { "line": 35, "column": 0 }, "end": { "line": 35, "column": 15 } },
      "35": { "start": { "line": 36, "column": 0 }, "end": { "line": 36, "column": 24 } },
      "36": { "start": { "line": 37, "column": 0 }, "end": { "line": 37, "column": 23 } },
      "37": { "start": { "line": 38, "column": 0 }, "end": { "line": 38, "column": 21 } },
      "38": { "start": { "line": 39, "column": 0 }, "end": { "line": 39, "column": 27 } },
      "39": { "start": { "line": 40, "column": 0 }, "end": { "line": 40, "column": 24 } },
      "40": { "start": { "line": 41, "column": 0 }, "end": { "line": 41, "column": 24 } },
      "41": { "start": { "line": 42, "column": 0 }, "end": { "line": 42, "column": 24 } },
      "42": { "start": { "line": 43, "column": 0 }, "end": { "line": 43, "column": 27 } },
      "43": { "start": { "line": 44, "column": 0 }, "end": { "line": 44, "column": 22 } },
      "44": { "start": { "line": 45, "column": 0 }, "end": { "line": 45, "column": 0 } },
      "45": { "start": { "line": 46, "column": 0 }, "end": { "line": 46, "column": 10 } },
      "46": { "start": { "line": 47, "column": 0 }, "end": { "line": 47, "column": 59 } },
      "47": { "start": { "line": 48, "column": 0 }, "end": { "line": 48, "column": 28 } },
      "48": { "start": { "line": 49, "column": 0 }, "end": { "line": 49, "column": 23 } },
      "49": { "start": { "line": 50, "column": 0 }, "end": { "line": 50, "column": 29 } },
      "50": { "start": { "line": 51, "column": 0 }, "end": { "line": 51, "column": 25 } },
      "51": { "start": { "line": 52, "column": 0 }, "end": { "line": 52, "column": 45 } },
      "52": { "start": { "line": 53, "column": 0 }, "end": { "line": 53, "column": 53 } },
      "53": { "start": { "line": 54, "column": 0 }, "end": { "line": 54, "column": 47 } },
      "54": { "start": { "line": 55, "column": 0 }, "end": { "line": 55, "column": 47 } },
      "55": { "start": { "line": 56, "column": 0 }, "end": { "line": 56, "column": 47 } },
      "56": { "start": { "line": 57, "column": 0 }, "end": { "line": 57, "column": 10 } },
      "57": { "start": { "line": 58, "column": 0 }, "end": { "line": 58, "column": 49 } },
      "58": { "start": { "line": 59, "column": 0 }, "end": { "line": 59, "column": 30 } },
      "59": { "start": { "line": 60, "column": 0 }, "end": { "line": 60, "column": 26 } },
      "60": { "start": { "line": 61, "column": 0 }, "end": { "line": 61, "column": 41 } },
      "61": { "start": { "line": 62, "column": 0 }, "end": { "line": 62, "column": 25 } },
      "62": { "start": { "line": 63, "column": 0 }, "end": { "line": 63, "column": 27 } },
      "63": { "start": { "line": 64, "column": 0 }, "end": { "line": 64, "column": 31 } },
      "64": { "start": { "line": 65, "column": 0 }, "end": { "line": 65, "column": 38 } },
      "65": { "start": { "line": 66, "column": 0 }, "end": { "line": 66, "column": 31 } },
      "66": { "start": { "line": 67, "column": 0 }, "end": { "line": 67, "column": 37 } },
      "67": { "start": { "line": 68, "column": 0 }, "end": { "line": 68, "column": 43 } },
      "68": { "start": { "line": 69, "column": 0 }, "end": { "line": 69, "column": 27 } },
      "69": { "start": { "line": 70, "column": 0 }, "end": { "line": 70, "column": 41 } },
      "70": { "start": { "line": 71, "column": 0 }, "end": { "line": 71, "column": 47 } },
      "71": { "start": { "line": 72, "column": 0 }, "end": { "line": 72, "column": 49 } },
      "72": { "start": { "line": 73, "column": 0 }, "end": { "line": 73, "column": 58 } },
      "73": { "start": { "line": 74, "column": 0 }, "end": { "line": 74, "column": 49 } },
      "74": { "start": { "line": 75, "column": 0 }, "end": { "line": 75, "column": 42 } },
      "75": { "start": { "line": 76, "column": 0 }, "end": { "line": 76, "column": 12 } },
      "76": { "start": { "line": 77, "column": 0 }, "end": { "line": 77, "column": 34 } },
      "77": { "start": { "line": 78, "column": 0 }, "end": { "line": 78, "column": 31 } },
      "78": { "start": { "line": 79, "column": 0 }, "end": { "line": 79, "column": 38 } },
      "79": { "start": { "line": 80, "column": 0 }, "end": { "line": 80, "column": 40 } },
      "80": { "start": { "line": 81, "column": 0 }, "end": { "line": 81, "column": 47 } },
      "81": { "start": { "line": 82, "column": 0 }, "end": { "line": 82, "column": 58 } },
      "82": { "start": { "line": 83, "column": 0 }, "end": { "line": 83, "column": 12 } },
      "83": { "start": { "line": 84, "column": 0 }, "end": { "line": 84, "column": 30 } },
      "84": { "start": { "line": 85, "column": 0 }, "end": { "line": 85, "column": 24 } },
      "85": { "start": { "line": 86, "column": 0 }, "end": { "line": 86, "column": 25 } },
      "86": { "start": { "line": 87, "column": 0 }, "end": { "line": 87, "column": 40 } },
      "87": { "start": { "line": 88, "column": 0 }, "end": { "line": 88, "column": 30 } },
      "88": { "start": { "line": 89, "column": 0 }, "end": { "line": 89, "column": 25 } },
      "89": { "start": { "line": 90, "column": 0 }, "end": { "line": 90, "column": 31 } },
      "90": { "start": { "line": 91, "column": 0 }, "end": { "line": 91, "column": 35 } },
      "91": { "start": { "line": 92, "column": 0 }, "end": { "line": 92, "column": 31 } },
      "92": { "start": { "line": 93, "column": 0 }, "end": { "line": 93, "column": 47 } },
      "93": { "start": { "line": 94, "column": 0 }, "end": { "line": 94, "column": 58 } },
      "94": { "start": { "line": 95, "column": 0 }, "end": { "line": 95, "column": 55 } },
      "95": { "start": { "line": 96, "column": 0 }, "end": { "line": 96, "column": 54 } },
      "96": { "start": { "line": 97, "column": 0 }, "end": { "line": 97, "column": 76 } },
      "97": { "start": { "line": 98, "column": 0 }, "end": { "line": 98, "column": 12 } },
      "98": { "start": { "line": 99, "column": 0 }, "end": { "line": 99, "column": 13 } },
      "99": { "start": { "line": 100, "column": 0 }, "end": { "line": 100, "column": 31 } },
      "100": { "start": { "line": 101, "column": 0 }, "end": { "line": 101, "column": 25 } },
      "101": { "start": { "line": 102, "column": 0 }, "end": { "line": 102, "column": 47 } },
      "102": { "start": { "line": 103, "column": 0 }, "end": { "line": 103, "column": 58 } },
      "103": { "start": { "line": 104, "column": 0 }, "end": { "line": 104, "column": 12 } },
      "104": { "start": { "line": 105, "column": 0 }, "end": { "line": 105, "column": 9 } },
      "105": { "start": { "line": 106, "column": 0 }, "end": { "line": 106, "column": 15 } },
      "106": { "start": { "line": 107, "column": 0 }, "end": { "line": 107, "column": 11 } },
      "107": { "start": { "line": 108, "column": 0 }, "end": { "line": 108, "column": 4 } },
      "108": { "start": { "line": 109, "column": 0 }, "end": { "line": 109, "column": 1 } }
    },
    "s": {
      "0": 1,
      "1": 1,
      "2": 1,
      "3": 1,
      "4": 1,
      "5": 1,
      "6": 1,
      "7": 1,
      "8": 1,
      "9": 1,
      "10": 1,
      "11": 1,
      "12": 1,
      "13": 1,
      "14": 1,
      "15": 1,
      "16": 1,
      "17": 1,
      "18": 1,
      "19": 1,
      "20": 1,
      "21": 1,
      "22": 1,
      "23": 1,
      "24": 1,
      "25": 1,
      "26": 1,
      "27": 1,
      "28": 1,
      "29": 1,
      "30": 1,
      "31": 1,
      "32": 1,
      "33": 1,
      "34": 1,
      "35": 1,
      "36": 1,
      "37": 1,
      "38": 1,
      "39": 1,
      "40": 1,
      "41": 1,
      "42": 1,
      "43": 1,
      "44": 1,
      "45": 1,
      "46": 1,
      "47": 1,
      "48": 1,
      "49": 1,
      "50": 1,
      "51": 1,
      "52": 1,
      "53": 1,
      "54": 1,
      "55": 1,
      "56": 1,
      "57": 1,
      "58": 1,
      "59": 1,
      "60": 1,
      "61": 1,
      "62": 1,
      "63": 1,
      "64": 1,
      "65": 1,
      "66": 1,
      "67": 1,
      "68": 1,
      "69": 1,
      "70": 1,
      "71": 1,
      "72": 1,
      "73": 1,
      "74": 1,
      "75": 1,
      "76": 1,
      "77": 1,
      "78": 1,
      "79": 1,
      "80": 1,
      "81": 1,
      "82": 1,
      "83": 1,
      "84": 1,
      "85": 1,
      "86": 1,
      "87": 1,
      "88": 1,
      "89": 1,
      "90": 1,
      "91": 1,
      "92": 1,
      "93": 1,
      "94": 1,
      "95": 1,
      "96": 1,
      "97": 1,
      "98": 1,
      "99": 1,
      "100": 1,
      "101": 1,
      "102": 1,
      "103": 1,
      "104": 1,
      "105": 1,
      "106": 1,
      "107": 1,
      "108": 1
    },
    "branchMap": {},
    "b": {},
    "fnMap": {},
    "f": {}
  },
  "/Users/onurseckinsenoglu/repos/dsa_visualizer/src/routes/workspace.$algorithmId.tsx": {
    "path": "/Users/onurseckinsenoglu/repos/dsa_visualizer/src/routes/workspace.$algorithmId.tsx",
    "all": false,
    "statementMap": {
      "0": { "start": { "line": 1, "column": 0 }, "end": { "line": 1, "column": 61 } },
      "1": { "start": { "line": 2, "column": 0 }, "end": { "line": 2, "column": 67 } },
      "2": { "start": { "line": 3, "column": 0 }, "end": { "line": 3, "column": 60 } },
      "3": { "start": { "line": 4, "column": 0 }, "end": { "line": 4, "column": 53 } },
      "4": { "start": { "line": 5, "column": 0 }, "end": { "line": 5, "column": 54 } },
      "5": { "start": { "line": 6, "column": 0 }, "end": { "line": 6, "column": 53 } },
      "6": { "start": { "line": 7, "column": 0 }, "end": { "line": 7, "column": 69 } },
      "7": { "start": { "line": 8, "column": 0 }, "end": { "line": 8, "column": 0 } },
      "8": { "start": { "line": 9, "column": 0 }, "end": { "line": 9, "column": 81 } },
      "9": { "start": { "line": 10, "column": 0 }, "end": { "line": 10, "column": 79 } },
      "10": { "start": { "line": 11, "column": 0 }, "end": { "line": 11, "column": 74 } },
      "11": { "start": { "line": 12, "column": 0 }, "end": { "line": 12, "column": 65 } },
      "12": { "start": { "line": 13, "column": 0 }, "end": { "line": 13, "column": 34 } },
      "13": { "start": { "line": 14, "column": 0 }, "end": { "line": 14, "column": 71 } },
      "14": { "start": { "line": 15, "column": 0 }, "end": { "line": 15, "column": 0 } },
      "15": { "start": { "line": 16, "column": 0 }, "end": { "line": 16, "column": 65 } },
      "16": { "start": { "line": 17, "column": 0 }, "end": { "line": 17, "column": 31 } },
      "17": { "start": { "line": 18, "column": 0 }, "end": { "line": 18, "column": 50 } },
      "18": { "start": { "line": 19, "column": 0 }, "end": { "line": 19, "column": 96 } },
      "19": { "start": { "line": 20, "column": 0 }, "end": { "line": 20, "column": 5 } },
      "20": { "start": { "line": 21, "column": 0 }, "end": { "line": 21, "column": 4 } },
      "21": { "start": { "line": 22, "column": 0 }, "end": { "line": 22, "column": 27 } },
      "22": { "start": { "line": 23, "column": 0 }, "end": { "line": 23, "column": 3 } },
      "23": { "start": { "line": 24, "column": 0 }, "end": { "line": 24, "column": 0 } },
      "24": { "start": { "line": 25, "column": 0 }, "end": { "line": 25, "column": 46 } },
      "25": { "start": { "line": 26, "column": 0 }, "end": { "line": 26, "column": 44 } },
      "26": { "start": { "line": 27, "column": 0 }, "end": { "line": 27, "column": 102 } },
      "27": { "start": { "line": 28, "column": 0 }, "end": { "line": 28, "column": 18 } },
      "28": { "start": { "line": 29, "column": 0 }, "end": { "line": 29, "column": 0 } },
      "29": { "start": { "line": 30, "column": 0 }, "end": { "line": 30, "column": 55 } },
      "30": { "start": { "line": 31, "column": 0 }, "end": { "line": 31, "column": 56 } },
      "31": { "start": { "line": 32, "column": 0 }, "end": { "line": 32, "column": 0 } },
      "32": { "start": { "line": 33, "column": 0 }, "end": { "line": 33, "column": 75 } },
      "33": { "start": { "line": 34, "column": 0 }, "end": { "line": 34, "column": 52 } },
      "34": { "start": { "line": 35, "column": 0 }, "end": { "line": 35, "column": 0 } },
      "35": { "start": { "line": 36, "column": 0 }, "end": { "line": 36, "column": 79 } },
      "36": { "start": { "line": 37, "column": 0 }, "end": { "line": 37, "column": 19 } },
      "37": { "start": { "line": 38, "column": 0 }, "end": { "line": 38, "column": 36 } },
      "38": { "start": { "line": 39, "column": 0 }, "end": { "line": 39, "column": 40 } },
      "39": { "start": { "line": 40, "column": 0 }, "end": { "line": 40, "column": 0 } },
      "40": { "start": { "line": 41, "column": 0 }, "end": { "line": 41, "column": 79 } },
      "41": { "start": { "line": 42, "column": 0 }, "end": { "line": 42, "column": 85 } },
      "42": { "start": { "line": 43, "column": 0 }, "end": { "line": 43, "column": 29 } },
      "43": { "start": { "line": 44, "column": 0 }, "end": { "line": 44, "column": 89 } },
      "44": { "start": { "line": 45, "column": 0 }, "end": { "line": 45, "column": 0 } },
      "45": { "start": { "line": 46, "column": 0 }, "end": { "line": 46, "column": 38 } },
      "46": { "start": { "line": 47, "column": 0 }, "end": { "line": 47, "column": 30 } },
      "47": { "start": { "line": 48, "column": 0 }, "end": { "line": 48, "column": 31 } },
      "48": { "start": { "line": 49, "column": 0 }, "end": { "line": 49, "column": 42 } },
      "49": { "start": { "line": 50, "column": 0 }, "end": { "line": 50, "column": 87 } },
      "50": { "start": { "line": 51, "column": 0 }, "end": { "line": 51, "column": 22 } },
      "51": { "start": { "line": 52, "column": 0 }, "end": { "line": 52, "column": 7 } },
      "52": { "start": { "line": 53, "column": 0 }, "end": { "line": 53, "column": 17 } },
      "53": { "start": { "line": 54, "column": 0 }, "end": { "line": 54, "column": 5 } },
      "54": { "start": { "line": 55, "column": 0 }, "end": { "line": 55, "column": 34 } },
      "55": { "start": { "line": 56, "column": 0 }, "end": { "line": 56, "column": 60 } },
      "56": { "start": { "line": 57, "column": 0 }, "end": { "line": 57, "column": 0 } },
      "57": { "start": { "line": 58, "column": 0 }, "end": { "line": 58, "column": 31 } },
      "58": { "start": { "line": 59, "column": 0 }, "end": { "line": 59, "column": 49 } },
      "59": { "start": { "line": 60, "column": 0 }, "end": { "line": 60, "column": 32 } },
      "60": { "start": { "line": 61, "column": 0 }, "end": { "line": 61, "column": 0 } },
      "61": { "start": { "line": 62, "column": 0 }, "end": { "line": 62, "column": 9 } },
      "62": { "start": { "line": 63, "column": 0 }, "end": { "line": 63, "column": 21 } },
      "63": { "start": { "line": 64, "column": 0 }, "end": { "line": 64, "column": 16 } },
      "64": { "start": { "line": 65, "column": 0 }, "end": { "line": 65, "column": 15 } },
      "65": { "start": { "line": 66, "column": 0 }, "end": { "line": 66, "column": 14 } },
      "66": { "start": { "line": 67, "column": 0 }, "end": { "line": 67, "column": 10 } },
      "67": { "start": { "line": 68, "column": 0 }, "end": { "line": 68, "column": 15 } },
      "68": { "start": { "line": 69, "column": 0 }, "end": { "line": 69, "column": 10 } },
      "69": { "start": { "line": 70, "column": 0 }, "end": { "line": 70, "column": 16 } },
      "70": { "start": { "line": 71, "column": 0 }, "end": { "line": 71, "column": 17 } },
      "71": { "start": { "line": 72, "column": 0 }, "end": { "line": 72, "column": 10 } },
      "72": { "start": { "line": 73, "column": 0 }, "end": { "line": 73, "column": 13 } },
      "73": { "start": { "line": 74, "column": 0 }, "end": { "line": 74, "column": 21 } },
      "74": { "start": { "line": 75, "column": 0 }, "end": { "line": 75, "column": 10 } },
      "75": { "start": { "line": 76, "column": 0 }, "end": { "line": 76, "column": 76 } },
      "76": { "start": { "line": 77, "column": 0 }, "end": { "line": 77, "column": 77 } },
      "77": { "start": { "line": 78, "column": 0 }, "end": { "line": 78, "column": 79 } },
      "78": { "start": { "line": 79, "column": 0 }, "end": { "line": 79, "column": 33 } },
      "79": { "start": { "line": 80, "column": 0 }, "end": { "line": 80, "column": 5 } },
      "80": { "start": { "line": 81, "column": 0 }, "end": { "line": 81, "column": 0 } },
      "81": { "start": { "line": 82, "column": 0 }, "end": { "line": 82, "column": 52 } },
      "82": { "start": { "line": 83, "column": 0 }, "end": { "line": 83, "column": 24 } },
      "83": { "start": { "line": 84, "column": 0 }, "end": { "line": 84, "column": 33 } },
      "84": { "start": { "line": 85, "column": 0 }, "end": { "line": 85, "column": 4 } },
      "85": { "start": { "line": 86, "column": 0 }, "end": { "line": 86, "column": 0 } },
      "86": { "start": { "line": 87, "column": 0 }, "end": { "line": 87, "column": 83 } },
      "87": { "start": { "line": 88, "column": 0 }, "end": { "line": 88, "column": 76 } },
      "88": { "start": { "line": 89, "column": 0 }, "end": { "line": 89, "column": 74 } },
      "89": { "start": { "line": 90, "column": 0 }, "end": { "line": 90, "column": 79 } },
      "90": { "start": { "line": 91, "column": 0 }, "end": { "line": 91, "column": 19 } },
      "91": { "start": { "line": 92, "column": 0 }, "end": { "line": 92, "column": 75 } },
      "92": { "start": { "line": 93, "column": 0 }, "end": { "line": 93, "column": 53 } },
      "93": { "start": { "line": 94, "column": 0 }, "end": { "line": 94, "column": 0 } },
      "94": { "start": { "line": 95, "column": 0 }, "end": { "line": 95, "column": 84 } },
      "95": { "start": { "line": 96, "column": 0 }, "end": { "line": 96, "column": 19 } },
      "96": { "start": { "line": 97, "column": 0 }, "end": { "line": 97, "column": 53 } },
      "97": { "start": { "line": 98, "column": 0 }, "end": { "line": 98, "column": 77 } },
      "98": { "start": { "line": 99, "column": 0 }, "end": { "line": 99, "column": 83 } },
      "99": { "start": { "line": 100, "column": 0 }, "end": { "line": 100, "column": 47 } },
      "100": { "start": { "line": 101, "column": 0 }, "end": { "line": 101, "column": 33 } },
      "101": { "start": { "line": 102, "column": 0 }, "end": { "line": 102, "column": 0 } },
      "102": { "start": { "line": 103, "column": 0 }, "end": { "line": 103, "column": 43 } },
      "103": { "start": { "line": 104, "column": 0 }, "end": { "line": 104, "column": 0 } },
      "104": { "start": { "line": 105, "column": 0 }, "end": { "line": 105, "column": 81 } },
      "105": { "start": { "line": 106, "column": 0 }, "end": { "line": 106, "column": 80 } },
      "106": { "start": { "line": 107, "column": 0 }, "end": { "line": 107, "column": 81 } },
      "107": { "start": { "line": 108, "column": 0 }, "end": { "line": 108, "column": 75 } },
      "108": { "start": { "line": 109, "column": 0 }, "end": { "line": 109, "column": 39 } },
      "109": { "start": { "line": 110, "column": 0 }, "end": { "line": 110, "column": 31 } },
      "110": { "start": { "line": 111, "column": 0 }, "end": { "line": 111, "column": 25 } },
      "111": { "start": { "line": 112, "column": 0 }, "end": { "line": 112, "column": 31 } },
      "112": { "start": { "line": 113, "column": 0 }, "end": { "line": 113, "column": 15 } },
      "113": { "start": { "line": 114, "column": 0 }, "end": { "line": 114, "column": 7 } },
      "114": { "start": { "line": 115, "column": 0 }, "end": { "line": 115, "column": 38 } },
      "115": { "start": { "line": 116, "column": 0 }, "end": { "line": 116, "column": 31 } },
      "116": { "start": { "line": 117, "column": 0 }, "end": { "line": 117, "column": 25 } },
      "117": { "start": { "line": 118, "column": 0 }, "end": { "line": 118, "column": 32 } },
      "118": { "start": { "line": 119, "column": 0 }, "end": { "line": 119, "column": 15 } },
      "119": { "start": { "line": 120, "column": 0 }, "end": { "line": 120, "column": 7 } },
      "120": { "start": { "line": 121, "column": 0 }, "end": { "line": 121, "column": 82 } },
      "121": { "start": { "line": 122, "column": 0 }, "end": { "line": 122, "column": 58 } },
      "122": { "start": { "line": 123, "column": 0 }, "end": { "line": 123, "column": 51 } },
      "123": { "start": { "line": 124, "column": 0 }, "end": { "line": 124, "column": 84 } },
      "124": { "start": { "line": 125, "column": 0 }, "end": { "line": 125, "column": 31 } },
      "125": { "start": { "line": 126, "column": 0 }, "end": { "line": 126, "column": 30 } },
      "126": { "start": { "line": 127, "column": 0 }, "end": { "line": 127, "column": 7 } },
      "127": { "start": { "line": 128, "column": 0 }, "end": { "line": 128, "column": 6 } },
      "128": { "start": { "line": 129, "column": 0 }, "end": { "line": 129, "column": 0 } },
      "129": { "start": { "line": 130, "column": 0 }, "end": { "line": 130, "column": 54 } },
      "130": { "start": { "line": 131, "column": 0 }, "end": { "line": 131, "column": 70 } },
      "131": { "start": { "line": 132, "column": 0 }, "end": { "line": 132, "column": 9 } },
      "132": { "start": { "line": 133, "column": 0 }, "end": { "line": 133, "column": 0 } },
      "133": { "start": { "line": 134, "column": 0 }, "end": { "line": 134, "column": 38 } },
      "134": { "start": { "line": 135, "column": 0 }, "end": { "line": 135, "column": 37 } },
      "135": { "start": { "line": 136, "column": 0 }, "end": { "line": 136, "column": 4 } },
      "136": { "start": { "line": 137, "column": 0 }, "end": { "line": 137, "column": 0 } },
      "137": { "start": { "line": 138, "column": 0 }, "end": { "line": 138, "column": 10 } },
      "138": { "start": { "line": 139, "column": 0 }, "end": { "line": 139, "column": 15 } },
      "139": { "start": { "line": 140, "column": 0 }, "end": { "line": 140, "column": 27 } },
      "140": { "start": { "line": 141, "column": 0 }, "end": { "line": 141, "column": 31 } },
      "141": { "start": { "line": 142, "column": 0 }, "end": { "line": 142, "column": 21 } },
      "142": { "start": { "line": 143, "column": 0 }, "end": { "line": 143, "column": 58 } },
      "143": { "start": { "line": 144, "column": 0 }, "end": { "line": 144, "column": 60 } },
      "144": { "start": { "line": 145, "column": 0 }, "end": { "line": 145, "column": 21 } },
      "145": { "start": { "line": 146, "column": 0 }, "end": { "line": 146, "column": 18 } },
      "146": { "start": { "line": 147, "column": 0 }, "end": { "line": 147, "column": 32 } },
      "147": { "start": { "line": 148, "column": 0 }, "end": { "line": 148, "column": 33 } },
      "148": { "start": { "line": 149, "column": 0 }, "end": { "line": 149, "column": 35 } },
      "149": { "start": { "line": 150, "column": 0 }, "end": { "line": 150, "column": 23 } },
      "150": { "start": { "line": 151, "column": 0 }, "end": { "line": 151, "column": 38 } },
      "151": { "start": { "line": 152, "column": 0 }, "end": { "line": 152, "column": 19 } },
      "152": { "start": { "line": 153, "column": 0 }, "end": { "line": 153, "column": 14 } },
      "153": { "start": { "line": 154, "column": 0 }, "end": { "line": 154, "column": 41 } },
      "154": { "start": { "line": 155, "column": 0 }, "end": { "line": 155, "column": 17 } },
      "155": { "start": { "line": 156, "column": 0 }, "end": { "line": 156, "column": 38 } },
      "156": { "start": { "line": 157, "column": 0 }, "end": { "line": 157, "column": 47 } },
      "157": { "start": { "line": 158, "column": 0 }, "end": { "line": 158, "column": 48 } },
      "158": { "start": { "line": 159, "column": 0 }, "end": { "line": 159, "column": 8 } },
      "159": { "start": { "line": 160, "column": 0 }, "end": { "line": 160, "column": 6 } },
      "160": { "start": { "line": 161, "column": 0 }, "end": { "line": 161, "column": 4 } },
      "161": { "start": { "line": 162, "column": 0 }, "end": { "line": 162, "column": 1 } }
    },
    "s": {
      "0": 1,
      "1": 1,
      "2": 1,
      "3": 1,
      "4": 1,
      "5": 1,
      "6": 1,
      "7": 1,
      "8": 12,
      "9": 12,
      "10": 12,
      "11": 12,
      "12": 12,
      "13": 12,
      "14": 12,
      "15": 12,
      "16": 12,
      "17": 8,
      "18": 1,
      "19": 1,
      "20": 8,
      "21": 12,
      "22": 12,
      "23": 1,
      "24": 1,
      "25": 1,
      "26": 1,
      "27": 1,
      "28": 1,
      "29": 1,
      "30": 1,
      "31": 1,
      "32": 1,
      "33": 1,
      "34": 1,
      "35": 1,
      "36": 1,
      "37": 1,
      "38": 1,
      "39": 1,
      "40": 1,
      "41": 1,
      "42": 1,
      "43": 1,
      "44": 1,
      "45": 1,
      "46": 1,
      "47": 1,
      "48": 1,
      "49": 1,
      "50": 1,
      "51": 1,
      "52": 1,
      "53": 1,
      "54": 1,
      "55": 1,
      "56": 1,
      "57": 1,
      "58": 1,
      "59": 1,
      "60": 1,
      "61": 1,
      "62": 1,
      "63": 1,
      "64": 1,
      "65": 1,
      "66": 1,
      "67": 1,
      "68": 1,
      "69": 1,
      "70": 1,
      "71": 1,
      "72": 1,
      "73": 1,
      "74": 1,
      "75": 1,
      "76": 1,
      "77": 1,
      "78": 1,
      "79": 1,
      "80": 1,
      "81": 1,
      "82": 1,
      "83": 1,
      "84": 1,
      "85": 1,
      "86": 1,
      "87": 1,
      "88": 1,
      "89": 1,
      "90": 1,
      "91": 1,
      "92": 1,
      "93": 1,
      "94": 1,
      "95": 1,
      "96": 1,
      "97": 1,
      "98": 1,
      "99": 1,
      "100": 1,
      "101": 1,
      "102": 1,
      "103": 1,
      "104": 1,
      "105": 1,
      "106": 1,
      "107": 1,
      "108": 1,
      "109": 1,
      "110": 1,
      "111": 1,
      "112": 1,
      "113": 1,
      "114": 1,
      "115": 1,
      "116": 1,
      "117": 1,
      "118": 1,
      "119": 1,
      "120": 1,
      "121": 1,
      "122": 1,
      "123": 1,
      "124": 1,
      "125": 1,
      "126": 1,
      "127": 1,
      "128": 1,
      "129": 1,
      "130": 1,
      "131": 1,
      "132": 1,
      "133": 1,
      "134": 1,
      "135": 1,
      "136": 1,
      "137": 1,
      "138": 1,
      "139": 1,
      "140": 1,
      "141": 1,
      "142": 1,
      "143": 1,
      "144": 1,
      "145": 1,
      "146": 1,
      "147": 1,
      "148": 1,
      "149": 1,
      "150": 1,
      "151": 1,
      "152": 1,
      "153": 1,
      "154": 1,
      "155": 1,
      "156": 1,
      "157": 1,
      "158": 1,
      "159": 1,
      "160": 1,
      "161": 1
    },
    "branchMap": {
      "0": {
        "type": "branch",
        "line": 9,
        "loc": { "start": { "line": 9, "column": 0 }, "end": { "line": 9, "column": 81 } },
        "locations": [{ "start": { "line": 9, "column": 0 }, "end": { "line": 9, "column": 81 } }]
      },
      "1": {
        "type": "branch",
        "line": 9,
        "loc": { "start": { "line": 9, "column": 0 }, "end": { "line": 9, "column": 81 } },
        "locations": [{ "start": { "line": 9, "column": 0 }, "end": { "line": 9, "column": 81 } }]
      },
      "2": {
        "type": "branch",
        "line": 9,
        "loc": { "start": { "line": 9, "column": 0 }, "end": { "line": 9, "column": 81 } },
        "locations": [{ "start": { "line": 9, "column": 0 }, "end": { "line": 9, "column": 81 } }]
      },
      "3": {
        "type": "branch",
        "line": 9,
        "loc": { "start": { "line": 9, "column": 0 }, "end": { "line": 9, "column": 81 } },
        "locations": [{ "start": { "line": 9, "column": 0 }, "end": { "line": 9, "column": 81 } }]
      },
      "4": {
        "type": "branch",
        "line": 9,
        "loc": { "start": { "line": 9, "column": 0 }, "end": { "line": 23, "column": 3 } },
        "locations": [{ "start": { "line": 9, "column": 0 }, "end": { "line": 23, "column": 3 } }]
      },
      "5": {
        "type": "branch",
        "line": 17,
        "loc": { "start": { "line": 17, "column": 14 }, "end": { "line": 21, "column": 4 } },
        "locations": [{ "start": { "line": 17, "column": 14 }, "end": { "line": 21, "column": 4 } }]
      },
      "6": {
        "type": "branch",
        "line": 18,
        "loc": { "start": { "line": 18, "column": 49 }, "end": { "line": 20, "column": 5 } },
        "locations": [{ "start": { "line": 18, "column": 49 }, "end": { "line": 20, "column": 5 } }]
      }
    },
    "b": { "0": [8], "1": [0], "2": [2], "3": [1], "4": [12], "5": [8], "6": [1] },
    "fnMap": {
      "0": {
        "name": "activatesOnSpace",
        "decl": { "start": { "line": 9, "column": 0 }, "end": { "line": 9, "column": 81 } },
        "loc": { "start": { "line": 9, "column": 0 }, "end": { "line": 9, "column": 81 } },
        "line": 9
      },
      "1": {
        "name": "WorkspacePage",
        "decl": { "start": { "line": 9, "column": 0 }, "end": { "line": 23, "column": 3 } },
        "loc": { "start": { "line": 9, "column": 0 }, "end": { "line": 23, "column": 3 } },
        "line": 9
      },
      "2": {
        "name": "beforeLoad",
        "decl": { "start": { "line": 17, "column": 14 }, "end": { "line": 21, "column": 4 } },
        "loc": { "start": { "line": 17, "column": 14 }, "end": { "line": 21, "column": 4 } },
        "line": 17
      }
    },
    "f": { "0": 2, "1": 12, "2": 8 }
  },
  "/Users/onurseckinsenoglu/repos/dsa_visualizer/src/routes/workspace.index.tsx": {
    "path": "/Users/onurseckinsenoglu/repos/dsa_visualizer/src/routes/workspace.index.tsx",
    "all": false,
    "statementMap": {
      "0": { "start": { "line": 1, "column": 0 }, "end": { "line": 1, "column": 67 } },
      "1": { "start": { "line": 2, "column": 0 }, "end": { "line": 2, "column": 0 } },
      "2": { "start": { "line": 3, "column": 0 }, "end": { "line": 3, "column": 53 } },
      "3": { "start": { "line": 4, "column": 0 }, "end": { "line": 4, "column": 75 } },
      "4": { "start": { "line": 5, "column": 0 }, "end": { "line": 5, "column": 62 } },
      "5": { "start": { "line": 6, "column": 0 }, "end": { "line": 6, "column": 21 } },
      "6": { "start": { "line": 7, "column": 0 }, "end": { "line": 7, "column": 94 } },
      "7": { "start": { "line": 8, "column": 0 }, "end": { "line": 8, "column": 4 } },
      "8": { "start": { "line": 9, "column": 0 }, "end": { "line": 9, "column": 3 } }
    },
    "s": { "0": 1, "1": 1, "2": 1, "3": 1, "4": 1, "5": 1, "6": 1, "7": 1, "8": 1 },
    "branchMap": {
      "0": {
        "type": "branch",
        "line": 6,
        "loc": { "start": { "line": 6, "column": 14 }, "end": { "line": 8, "column": 4 } },
        "locations": [{ "start": { "line": 6, "column": 14 }, "end": { "line": 8, "column": 4 } }]
      }
    },
    "b": { "0": [1] },
    "fnMap": {
      "0": {
        "name": "beforeLoad",
        "decl": { "start": { "line": 6, "column": 14 }, "end": { "line": 8, "column": 4 } },
        "loc": { "start": { "line": 6, "column": 14 }, "end": { "line": 8, "column": 4 } },
        "line": 6
      }
    },
    "f": { "0": 1 }
  },
  "/Users/onurseckinsenoglu/repos/dsa_visualizer/src/routes/trivia/-triviaPageUtils.ts": {
    "path": "/Users/onurseckinsenoglu/repos/dsa_visualizer/src/routes/trivia/-triviaPageUtils.ts",
    "all": false,
    "statementMap": {
      "0": { "start": { "line": 1, "column": 0 }, "end": { "line": 1, "column": 43 } },
      "1": { "start": { "line": 2, "column": 0 }, "end": { "line": 2, "column": 95 } },
      "2": { "start": { "line": 3, "column": 0 }, "end": { "line": 3, "column": 57 } },
      "3": { "start": { "line": 4, "column": 0 }, "end": { "line": 4, "column": 77 } },
      "4": { "start": { "line": 5, "column": 0 }, "end": { "line": 5, "column": 68 } },
      "5": { "start": { "line": 6, "column": 0 }, "end": { "line": 6, "column": 0 } },
      "6": { "start": { "line": 7, "column": 0 }, "end": { "line": 7, "column": 84 } },
      "7": { "start": { "line": 8, "column": 0 }, "end": { "line": 8, "column": 0 } },
      "8": { "start": { "line": 9, "column": 0 }, "end": { "line": 9, "column": 41 } },
      "9": { "start": { "line": 10, "column": 0 }, "end": { "line": 10, "column": 43 } },
      "10": { "start": { "line": 11, "column": 0 }, "end": { "line": 11, "column": 21 } },
      "11": { "start": { "line": 12, "column": 0 }, "end": { "line": 12, "column": 19 } },
      "12": { "start": { "line": 13, "column": 0 }, "end": { "line": 13, "column": 16 } },
      "13": { "start": { "line": 14, "column": 0 }, "end": { "line": 14, "column": 18 } },
      "14": { "start": { "line": 15, "column": 0 }, "end": { "line": 15, "column": 26 } },
      "15": { "start": { "line": 16, "column": 0 }, "end": { "line": 16, "column": 24 } },
      "16": { "start": { "line": 17, "column": 0 }, "end": { "line": 17, "column": 15 } },
      "17": { "start": { "line": 18, "column": 0 }, "end": { "line": 18, "column": 2 } },
      "18": { "start": { "line": 19, "column": 0 }, "end": { "line": 19, "column": 0 } },
      "19": { "start": { "line": 20, "column": 0 }, "end": { "line": 20, "column": 41 } },
      "20": { "start": { "line": 21, "column": 0 }, "end": { "line": 21, "column": 29 } },
      "21": { "start": { "line": 22, "column": 0 }, "end": { "line": 22, "column": 29 } },
      "22": { "start": { "line": 23, "column": 0 }, "end": { "line": 23, "column": 18 } },
      "23": { "start": { "line": 24, "column": 0 }, "end": { "line": 24, "column": 2 } },
      "24": { "start": { "line": 25, "column": 0 }, "end": { "line": 25, "column": 0 } },
      "25": { "start": { "line": 26, "column": 0 }, "end": { "line": 26, "column": 30 } },
      "26": { "start": { "line": 27, "column": 0 }, "end": { "line": 27, "column": 37 } },
      "27": { "start": { "line": 28, "column": 0 }, "end": { "line": 28, "column": 44 } },
      "28": { "start": { "line": 29, "column": 0 }, "end": { "line": 29, "column": 1 } },
      "29": { "start": { "line": 30, "column": 0 }, "end": { "line": 30, "column": 0 } },
      "30": { "start": { "line": 31, "column": 0 }, "end": { "line": 31, "column": 40 } },
      "31": { "start": { "line": 32, "column": 0 }, "end": { "line": 32, "column": 32 } },
      "32": { "start": { "line": 33, "column": 0 }, "end": { "line": 33, "column": 26 } },
      "33": { "start": { "line": 34, "column": 0 }, "end": { "line": 34, "column": 22 } },
      "34": { "start": { "line": 35, "column": 0 }, "end": { "line": 35, "column": 53 } },
      "35": { "start": { "line": 36, "column": 0 }, "end": { "line": 36, "column": 0 } },
      "36": { "start": { "line": 37, "column": 0 }, "end": { "line": 37, "column": 54 } },
      "37": { "start": { "line": 38, "column": 0 }, "end": { "line": 38, "column": 35 } },
      "38": { "start": { "line": 39, "column": 0 }, "end": { "line": 39, "column": 39 } },
      "39": { "start": { "line": 40, "column": 0 }, "end": { "line": 40, "column": 40 } },
      "40": { "start": { "line": 41, "column": 0 }, "end": { "line": 41, "column": 76 } },
      "41": { "start": { "line": 42, "column": 0 }, "end": { "line": 42, "column": 5 } },
      "42": { "start": { "line": 43, "column": 0 }, "end": { "line": 43, "column": 51 } },
      "43": { "start": { "line": 44, "column": 0 }, "end": { "line": 44, "column": 0 } },
      "44": { "start": { "line": 45, "column": 0 }, "end": { "line": 45, "column": 76 } },
      "45": { "start": { "line": 46, "column": 0 }, "end": { "line": 46, "column": 59 } },
      "46": { "start": { "line": 47, "column": 0 }, "end": { "line": 47, "column": 64 } },
      "47": { "start": { "line": 48, "column": 0 }, "end": { "line": 48, "column": 5 } },
      "48": { "start": { "line": 49, "column": 0 }, "end": { "line": 49, "column": 3 } },
      "49": { "start": { "line": 50, "column": 0 }, "end": { "line": 50, "column": 23 } },
      "50": { "start": { "line": 51, "column": 0 }, "end": { "line": 51, "column": 2 } },
      "51": { "start": { "line": 52, "column": 0 }, "end": { "line": 52, "column": 0 } },
      "52": { "start": { "line": 53, "column": 0 }, "end": { "line": 53, "column": 94 } },
      "53": { "start": { "line": 54, "column": 0 }, "end": { "line": 54, "column": 21 } },
      "54": { "start": { "line": 55, "column": 0 }, "end": { "line": 55, "column": 3 } },
      "55": { "start": { "line": 56, "column": 0 }, "end": { "line": 56, "column": 94 } },
      "56": { "start": { "line": 57, "column": 0 }, "end": { "line": 57, "column": 21 } },
      "57": { "start": { "line": 58, "column": 0 }, "end": { "line": 58, "column": 3 } },
      "58": { "start": { "line": 59, "column": 0 }, "end": { "line": 59, "column": 111 } }
    },
    "s": {
      "0": 1,
      "1": 1,
      "2": 1,
      "3": 1,
      "4": 1,
      "5": 1,
      "6": 1,
      "7": 1,
      "8": 1,
      "9": 1,
      "10": 1,
      "11": 1,
      "12": 1,
      "13": 1,
      "14": 1,
      "15": 1,
      "16": 1,
      "17": 1,
      "18": 1,
      "19": 1,
      "20": 1,
      "21": 1,
      "22": 1,
      "23": 1,
      "24": 1,
      "25": 1,
      "26": 1,
      "27": 1,
      "28": 1,
      "29": 1,
      "30": 1,
      "31": 9,
      "32": 9,
      "33": 9,
      "34": 9,
      "35": 4,
      "36": 4,
      "37": 4,
      "38": 4,
      "39": 4,
      "40": 3,
      "41": 4,
      "42": 6,
      "43": 3,
      "44": 6,
      "45": 8,
      "46": 2,
      "47": 2,
      "48": 8,
      "49": 1,
      "50": 1,
      "51": 1,
      "52": 1,
      "53": 5,
      "54": 5,
      "55": 1,
      "56": 1,
      "57": 1,
      "58": 1
    },
    "branchMap": {
      "0": {
        "type": "branch",
        "line": 31,
        "loc": { "start": { "line": 31, "column": 39 }, "end": { "line": 51, "column": 2 } },
        "locations": [{ "start": { "line": 31, "column": 39 }, "end": { "line": 51, "column": 2 } }]
      },
      "1": {
        "type": "branch",
        "line": 35,
        "loc": { "start": { "line": 35, "column": 32 }, "end": { "line": 51, "column": 2 } },
        "locations": [{ "start": { "line": 35, "column": 32 }, "end": { "line": 51, "column": 2 } }]
      },
      "2": {
        "type": "branch",
        "line": 35,
        "loc": { "start": { "line": 35, "column": 32 }, "end": { "line": 35, "column": 53 } },
        "locations": [
          { "start": { "line": 35, "column": 32 }, "end": { "line": 35, "column": 53 } }
        ]
      },
      "3": {
        "type": "branch",
        "line": 35,
        "loc": { "start": { "line": 35, "column": 39 }, "end": { "line": 51, "column": 2 } },
        "locations": [{ "start": { "line": 35, "column": 39 }, "end": { "line": 51, "column": 2 } }]
      },
      "4": {
        "type": "branch",
        "line": 35,
        "loc": { "start": { "line": 35, "column": 39 }, "end": { "line": 43, "column": 37 } },
        "locations": [
          { "start": { "line": 35, "column": 39 }, "end": { "line": 43, "column": 37 } }
        ]
      },
      "5": {
        "type": "branch",
        "line": 43,
        "loc": { "start": { "line": 43, "column": 30 }, "end": { "line": 43, "column": 51 } },
        "locations": [
          { "start": { "line": 43, "column": 30 }, "end": { "line": 43, "column": 51 } }
        ]
      },
      "6": {
        "type": "branch",
        "line": 43,
        "loc": { "start": { "line": 43, "column": 37 }, "end": { "line": 45, "column": 75 } },
        "locations": [
          { "start": { "line": 43, "column": 37 }, "end": { "line": 45, "column": 75 } }
        ]
      },
      "7": {
        "type": "branch",
        "line": 45,
        "loc": { "start": { "line": 45, "column": 75 }, "end": { "line": 49, "column": 3 } },
        "locations": [{ "start": { "line": 45, "column": 75 }, "end": { "line": 49, "column": 3 } }]
      },
      "8": {
        "type": "branch",
        "line": 46,
        "loc": { "start": { "line": 46, "column": 58 }, "end": { "line": 48, "column": 5 } },
        "locations": [{ "start": { "line": 46, "column": 58 }, "end": { "line": 48, "column": 5 } }]
      },
      "9": {
        "type": "branch",
        "line": 49,
        "loc": { "start": { "line": 49, "column": 2 }, "end": { "line": 51, "column": 2 } },
        "locations": [{ "start": { "line": 49, "column": 2 }, "end": { "line": 51, "column": 2 } }]
      },
      "10": {
        "type": "branch",
        "line": 38,
        "loc": { "start": { "line": 38, "column": 26 }, "end": { "line": 42, "column": 3 } },
        "locations": [{ "start": { "line": 38, "column": 26 }, "end": { "line": 42, "column": 3 } }]
      },
      "11": {
        "type": "branch",
        "line": 40,
        "loc": { "start": { "line": 40, "column": 33 }, "end": { "line": 40, "column": 40 } },
        "locations": [
          { "start": { "line": 40, "column": 33 }, "end": { "line": 40, "column": 40 } }
        ]
      },
      "12": {
        "type": "branch",
        "line": 40,
        "loc": { "start": { "line": 40, "column": 33 }, "end": { "line": 41, "column": 76 } },
        "locations": [
          { "start": { "line": 40, "column": 33 }, "end": { "line": 41, "column": 76 } }
        ]
      },
      "13": {
        "type": "branch",
        "line": 53,
        "loc": { "start": { "line": 53, "column": 37 }, "end": { "line": 55, "column": 3 } },
        "locations": [{ "start": { "line": 53, "column": 37 }, "end": { "line": 55, "column": 3 } }]
      },
      "14": {
        "type": "branch",
        "line": 56,
        "loc": { "start": { "line": 56, "column": 37 }, "end": { "line": 58, "column": 3 } },
        "locations": [{ "start": { "line": 56, "column": 37 }, "end": { "line": 58, "column": 3 } }]
      },
      "15": {
        "type": "branch",
        "line": 59,
        "loc": { "start": { "line": 59, "column": 34 }, "end": { "line": 59, "column": 111 } },
        "locations": [
          { "start": { "line": 59, "column": 34 }, "end": { "line": 59, "column": 111 } }
        ]
      }
    },
    "b": {
      "0": [9],
      "1": [8],
      "2": [5],
      "3": [6],
      "4": [4],
      "5": [1],
      "6": [3],
      "7": [8],
      "8": [2],
      "9": [1],
      "10": [4],
      "11": [1],
      "12": [3],
      "13": [5],
      "14": [1],
      "15": [1]
    },
    "fnMap": {
      "0": {
        "name": "reviveProgressForConfig",
        "decl": { "start": { "line": 31, "column": 39 }, "end": { "line": 51, "column": 2 } },
        "loc": { "start": { "line": 31, "column": 39 }, "end": { "line": 51, "column": 2 } },
        "line": 31
      },
      "1": {
        "name": "buildSessionListPatch",
        "decl": { "start": { "line": 53, "column": 37 }, "end": { "line": 55, "column": 3 } },
        "loc": { "start": { "line": 53, "column": 37 }, "end": { "line": 55, "column": 3 } },
        "line": 53
      },
      "2": {
        "name": "buildDeckBuilderPatch",
        "decl": { "start": { "line": 56, "column": 37 }, "end": { "line": 58, "column": 3 } },
        "loc": { "start": { "line": 56, "column": 37 }, "end": { "line": 58, "column": 3 } },
        "line": 56
      },
      "3": {
        "name": "buildSettingsPatch",
        "decl": { "start": { "line": 59, "column": 34 }, "end": { "line": 59, "column": 111 } },
        "loc": { "start": { "line": 59, "column": 34 }, "end": { "line": 59, "column": 111 } },
        "line": 59
      }
    },
    "f": { "0": 9, "1": 5, "2": 1, "3": 1 }
  },
  "/Users/onurseckinsenoglu/repos/dsa_visualizer/src/routes/trivia/-components/TriviaCompletionView.tsx": {
    "path": "/Users/onurseckinsenoglu/repos/dsa_visualizer/src/routes/trivia/-components/TriviaCompletionView.tsx",
    "all": false,
    "statementMap": {
      "0": { "start": { "line": 1, "column": 0 }, "end": { "line": 1, "column": 55 } },
      "1": { "start": { "line": 2, "column": 0 }, "end": { "line": 2, "column": 50 } },
      "2": { "start": { "line": 3, "column": 0 }, "end": { "line": 3, "column": 87 } },
      "3": { "start": { "line": 4, "column": 0 }, "end": { "line": 4, "column": 0 } },
      "4": { "start": { "line": 5, "column": 0 }, "end": { "line": 5, "column": 37 } },
      "5": { "start": { "line": 6, "column": 0 }, "end": { "line": 6, "column": 22 } },
      "6": { "start": { "line": 7, "column": 0 }, "end": { "line": 7, "column": 20 } },
      "7": { "start": { "line": 8, "column": 0 }, "end": { "line": 8, "column": 29 } },
      "8": { "start": { "line": 9, "column": 0 }, "end": { "line": 9, "column": 27 } },
      "9": { "start": { "line": 10, "column": 0 }, "end": { "line": 10, "column": 1 } },
      "10": { "start": { "line": 11, "column": 0 }, "end": { "line": 11, "column": 0 } },
      "11": { "start": { "line": 12, "column": 0 }, "end": { "line": 12, "column": 38 } },
      "12": { "start": { "line": 13, "column": 0 }, "end": { "line": 13, "column": 14 } },
      "13": { "start": { "line": 14, "column": 0 }, "end": { "line": 14, "column": 12 } },
      "14": { "start": { "line": 15, "column": 0 }, "end": { "line": 15, "column": 17 } },
      "15": { "start": { "line": 16, "column": 0 }, "end": { "line": 16, "column": 15 } },
      "16": { "start": { "line": 17, "column": 0 }, "end": { "line": 17, "column": 51 } },
      "17": { "start": { "line": 18, "column": 0 }, "end": { "line": 18, "column": 10 } },
      "18": { "start": { "line": 19, "column": 0 }, "end": { "line": 19, "column": 6 } },
      "19": { "start": { "line": 20, "column": 0 }, "end": { "line": 20, "column": 79 } },
      "20": { "start": { "line": 21, "column": 0 }, "end": { "line": 21, "column": 28 } },
      "21": { "start": { "line": 22, "column": 0 }, "end": { "line": 22, "column": 15 } },
      "22": { "start": { "line": 23, "column": 0 }, "end": { "line": 23, "column": 19 } },
      "23": { "start": { "line": 24, "column": 0 }, "end": { "line": 24, "column": 29 } },
      "24": { "start": { "line": 25, "column": 0 }, "end": { "line": 25, "column": 57 } },
      "25": { "start": { "line": 26, "column": 0 }, "end": { "line": 26, "column": 34 } },
      "26": { "start": { "line": 27, "column": 0 }, "end": { "line": 27, "column": 9 } },
      "27": { "start": { "line": 28, "column": 0 }, "end": { "line": 28, "column": 39 } },
      "28": { "start": { "line": 29, "column": 0 }, "end": { "line": 29, "column": 17 } },
      "29": { "start": { "line": 30, "column": 0 }, "end": { "line": 30, "column": 15 } },
      "30": { "start": { "line": 31, "column": 0 }, "end": { "line": 31, "column": 19 } },
      "31": { "start": { "line": 32, "column": 0 }, "end": { "line": 32, "column": 29 } },
      "32": { "start": { "line": 33, "column": 0 }, "end": { "line": 33, "column": 44 } },
      "33": { "start": { "line": 34, "column": 0 }, "end": { "line": 34, "column": 32 } },
      "34": { "start": { "line": 35, "column": 0 }, "end": { "line": 35, "column": 9 } },
      "35": { "start": { "line": 36, "column": 0 }, "end": { "line": 36, "column": 29 } },
      "36": { "start": { "line": 37, "column": 0 }, "end": { "line": 37, "column": 17 } },
      "37": { "start": { "line": 38, "column": 0 }, "end": { "line": 38, "column": 20 } },
      "38": { "start": { "line": 39, "column": 0 }, "end": { "line": 39, "column": 7 } },
      "39": { "start": { "line": 40, "column": 0 }, "end": { "line": 40, "column": 4 } },
      "40": { "start": { "line": 41, "column": 0 }, "end": { "line": 41, "column": 1 } }
    },
    "s": {
      "0": 1,
      "1": 1,
      "2": 1,
      "3": 1,
      "4": 1,
      "5": 1,
      "6": 1,
      "7": 1,
      "8": 1,
      "9": 1,
      "10": 1,
      "11": 1,
      "12": 2,
      "13": 2,
      "14": 2,
      "15": 2,
      "16": 2,
      "17": 2,
      "18": 2,
      "19": 2,
      "20": 2,
      "21": 2,
      "22": 2,
      "23": 2,
      "24": 2,
      "25": 2,
      "26": 2,
      "27": 2,
      "28": 2,
      "29": 2,
      "30": 2,
      "31": 2,
      "32": 2,
      "33": 2,
      "34": 2,
      "35": 2,
      "36": 2,
      "37": 2,
      "38": 2,
      "39": 2,
      "40": 2
    },
    "branchMap": {
      "0": {
        "type": "branch",
        "line": 12,
        "loc": { "start": { "line": 12, "column": 7 }, "end": { "line": 41, "column": 1 } },
        "locations": [{ "start": { "line": 12, "column": 7 }, "end": { "line": 41, "column": 1 } }]
      }
    },
    "b": { "0": [2] },
    "fnMap": {
      "0": {
        "name": "TriviaCompletionView",
        "decl": { "start": { "line": 12, "column": 7 }, "end": { "line": 41, "column": 1 } },
        "loc": { "start": { "line": 12, "column": 7 }, "end": { "line": 41, "column": 1 } },
        "line": 12
      }
    },
    "f": { "0": 2 }
  },
  "/Users/onurseckinsenoglu/repos/dsa_visualizer/src/routes/trivia/-components/TriviaEmptyLevelView.tsx": {
    "path": "/Users/onurseckinsenoglu/repos/dsa_visualizer/src/routes/trivia/-components/TriviaEmptyLevelView.tsx",
    "all": false,
    "statementMap": {
      "0": { "start": { "line": 1, "column": 0 }, "end": { "line": 1, "column": 55 } },
      "1": { "start": { "line": 2, "column": 0 }, "end": { "line": 2, "column": 56 } },
      "2": { "start": { "line": 3, "column": 0 }, "end": { "line": 3, "column": 0 } },
      "3": { "start": { "line": 4, "column": 0 }, "end": { "line": 4, "column": 37 } },
      "4": { "start": { "line": 5, "column": 0 }, "end": { "line": 5, "column": 16 } },
      "5": { "start": { "line": 6, "column": 0 }, "end": { "line": 6, "column": 29 } },
      "6": { "start": { "line": 7, "column": 0 }, "end": { "line": 7, "column": 27 } },
      "7": { "start": { "line": 8, "column": 0 }, "end": { "line": 8, "column": 1 } },
      "8": { "start": { "line": 9, "column": 0 }, "end": { "line": 9, "column": 0 } },
      "9": { "start": { "line": 10, "column": 0 }, "end": { "line": 10, "column": 38 } },
      "10": { "start": { "line": 11, "column": 0 }, "end": { "line": 11, "column": 8 } },
      "11": { "start": { "line": 12, "column": 0 }, "end": { "line": 12, "column": 17 } },
      "12": { "start": { "line": 13, "column": 0 }, "end": { "line": 13, "column": 15 } },
      "13": { "start": { "line": 14, "column": 0 }, "end": { "line": 14, "column": 51 } },
      "14": { "start": { "line": 15, "column": 0 }, "end": { "line": 15, "column": 10 } },
      "15": { "start": { "line": 16, "column": 0 }, "end": { "line": 16, "column": 92 } },
      "16": { "start": { "line": 17, "column": 0 }, "end": { "line": 17, "column": 43 } },
      "17": { "start": { "line": 18, "column": 0 }, "end": { "line": 18, "column": 74 } },
      "18": { "start": { "line": 19, "column": 0 }, "end": { "line": 19, "column": 142 } },
      "19": { "start": { "line": 20, "column": 0 }, "end": { "line": 20, "column": 15 } },
      "20": { "start": { "line": 21, "column": 0 }, "end": { "line": 21, "column": 30 } },
      "21": { "start": { "line": 22, "column": 0 }, "end": { "line": 22, "column": 17 } },
      "22": { "start": { "line": 23, "column": 0 }, "end": { "line": 23, "column": 21 } },
      "23": { "start": { "line": 24, "column": 0 }, "end": { "line": 24, "column": 31 } },
      "24": { "start": { "line": 25, "column": 0 }, "end": { "line": 25, "column": 59 } },
      "25": { "start": { "line": 26, "column": 0 }, "end": { "line": 26, "column": 36 } },
      "26": { "start": { "line": 27, "column": 0 }, "end": { "line": 27, "column": 11 } },
      "27": { "start": { "line": 28, "column": 0 }, "end": { "line": 28, "column": 32 } },
      "28": { "start": { "line": 29, "column": 0 }, "end": { "line": 29, "column": 19 } },
      "29": { "start": { "line": 30, "column": 0 }, "end": { "line": 30, "column": 17 } },
      "30": { "start": { "line": 31, "column": 0 }, "end": { "line": 31, "column": 21 } },
      "31": { "start": { "line": 32, "column": 0 }, "end": { "line": 32, "column": 31 } },
      "32": { "start": { "line": 33, "column": 0 }, "end": { "line": 33, "column": 46 } },
      "33": { "start": { "line": 34, "column": 0 }, "end": { "line": 34, "column": 34 } },
      "34": { "start": { "line": 35, "column": 0 }, "end": { "line": 35, "column": 11 } },
      "35": { "start": { "line": 36, "column": 0 }, "end": { "line": 36, "column": 31 } },
      "36": { "start": { "line": 37, "column": 0 }, "end": { "line": 37, "column": 19 } },
      "37": { "start": { "line": 38, "column": 0 }, "end": { "line": 38, "column": 22 } },
      "38": { "start": { "line": 39, "column": 0 }, "end": { "line": 39, "column": 12 } },
      "39": { "start": { "line": 40, "column": 0 }, "end": { "line": 40, "column": 11 } },
      "40": { "start": { "line": 41, "column": 0 }, "end": { "line": 41, "column": 4 } },
      "41": { "start": { "line": 42, "column": 0 }, "end": { "line": 42, "column": 1 } }
    },
    "s": {
      "0": 1,
      "1": 1,
      "2": 1,
      "3": 1,
      "4": 1,
      "5": 1,
      "6": 1,
      "7": 1,
      "8": 1,
      "9": 1,
      "10": 15,
      "11": 15,
      "12": 15,
      "13": 15,
      "14": 15,
      "15": 15,
      "16": 15,
      "17": 15,
      "18": 15,
      "19": 15,
      "20": 15,
      "21": 15,
      "22": 15,
      "23": 15,
      "24": 15,
      "25": 15,
      "26": 15,
      "27": 15,
      "28": 15,
      "29": 15,
      "30": 15,
      "31": 15,
      "32": 15,
      "33": 15,
      "34": 15,
      "35": 15,
      "36": 15,
      "37": 15,
      "38": 15,
      "39": 15,
      "40": 15,
      "41": 15
    },
    "branchMap": {
      "0": {
        "type": "branch",
        "line": 10,
        "loc": { "start": { "line": 10, "column": 7 }, "end": { "line": 42, "column": 1 } },
        "locations": [{ "start": { "line": 10, "column": 7 }, "end": { "line": 42, "column": 1 } }]
      }
    },
    "b": { "0": [15] },
    "fnMap": {
      "0": {
        "name": "TriviaEmptyLevelView",
        "decl": { "start": { "line": 10, "column": 7 }, "end": { "line": 42, "column": 1 } },
        "loc": { "start": { "line": 10, "column": 7 }, "end": { "line": 42, "column": 1 } },
        "line": 10
      }
    },
    "f": { "0": 15 }
  },
  "/Users/onurseckinsenoglu/repos/dsa_visualizer/src/routes/trivia/-components/TriviaHomeView.tsx": {
[...]
      "52": {
        "type": "branch",
        "line": 99,
        "loc": { "start": { "line": 99, "column": 31 }, "end": { "line": 100, "column": 56 } },
        "locations": [
          { "start": { "line": 99, "column": 31 }, "end": { "line": 100, "column": 56 } }
        ]
      },
      "53": {
        "type": "branch",
        "line": 104,
        "loc": { "start": { "line": 104, "column": 23 }, "end": { "line": 110, "column": 4 } },
        "locations": [
          { "start": { "line": 104, "column": 23 }, "end": { "line": 110, "column": 4 } }
        ]
      },
      "54": {
        "type": "branch",
        "line": 105,
        "loc": { "start": { "line": 105, "column": 48 }, "end": { "line": 105, "column": 55 } },
        "locations": [
          { "start": { "line": 105, "column": 48 }, "end": { "line": 105, "column": 55 } }
        ]
      },
      "55": {
        "type": "branch",
        "line": 109,
        "loc": { "start": { "line": 109, "column": 35 }, "end": { "line": 109, "column": 50 } },
        "locations": [
          { "start": { "line": 109, "column": 35 }, "end": { "line": 109, "column": 50 } }
        ]
      },
      "56": {
        "type": "branch",
        "line": 112,
        "loc": { "start": { "line": 112, "column": 21 }, "end": { "line": 115, "column": 4 } },
        "locations": [
          { "start": { "line": 112, "column": 21 }, "end": { "line": 115, "column": 4 } }
        ]
      },
      "57": {
        "type": "branch",
        "line": 113,
        "loc": { "start": { "line": 113, "column": 30 }, "end": { "line": 113, "column": 37 } },
        "locations": [
          { "start": { "line": 113, "column": 30 }, "end": { "line": 113, "column": 37 } }
        ]
      },
      "58": {
        "type": "branch",
        "line": 117,
        "loc": { "start": { "line": 117, "column": 30 }, "end": { "line": 120, "column": 4 } },
        "locations": [
          { "start": { "line": 117, "column": 30 }, "end": { "line": 120, "column": 4 } }
        ]
      },
      "59": {
        "type": "branch",
        "line": 122,
        "loc": { "start": { "line": 122, "column": 29 }, "end": { "line": 125, "column": 4 } },
        "locations": [
          { "start": { "line": 122, "column": 29 }, "end": { "line": 125, "column": 4 } }
        ]
      },
      "60": {
        "type": "branch",
        "line": 127,
        "loc": { "start": { "line": 127, "column": 27 }, "end": { "line": 132, "column": 4 } },
        "locations": [
          { "start": { "line": 127, "column": 27 }, "end": { "line": 132, "column": 4 } }
        ]
      },
      "61": {
        "type": "branch",
        "line": 134,
        "loc": { "start": { "line": 134, "column": 33 }, "end": { "line": 139, "column": 4 } },
        "locations": [
          { "start": { "line": 134, "column": 33 }, "end": { "line": 139, "column": 4 } }
        ]
      },
      "62": {
        "type": "branch",
        "line": 141,
        "loc": { "start": { "line": 141, "column": 30 }, "end": { "line": 145, "column": 4 } },
        "locations": [
          { "start": { "line": 141, "column": 30 }, "end": { "line": 145, "column": 4 } }
        ]
      },
      "63": {
        "type": "branch",
        "line": 147,
        "loc": { "start": { "line": 147, "column": 30 }, "end": { "line": 150, "column": 4 } },
        "locations": [
          { "start": { "line": 147, "column": 30 }, "end": { "line": 150, "column": 4 } }
        ]
      },
      "64": {
        "type": "branch",
        "line": 152,
        "loc": { "start": { "line": 152, "column": 30 }, "end": { "line": 155, "column": 4 } },
        "locations": [
          { "start": { "line": 152, "column": 30 }, "end": { "line": 155, "column": 4 } }
        ]
      },
      "65": {
        "type": "branch",
        "line": 157,
        "loc": { "start": { "line": 157, "column": 33 }, "end": { "line": 160, "column": 4 } },
        "locations": [
          { "start": { "line": 157, "column": 33 }, "end": { "line": 160, "column": 4 } }
        ]
      },
      "66": {
        "type": "branch",
        "line": 158,
        "loc": { "start": { "line": 158, "column": 21 }, "end": { "line": 158, "column": 58 } },
        "locations": [
          { "start": { "line": 158, "column": 21 }, "end": { "line": 158, "column": 58 } }
        ]
      },
      "67": {
        "type": "branch",
        "line": 158,
        "loc": { "start": { "line": 158, "column": 43 }, "end": { "line": 158, "column": 77 } },
        "locations": [
          { "start": { "line": 158, "column": 43 }, "end": { "line": 158, "column": 77 } }
        ]
      },
      "68": {
        "type": "branch",
        "line": 158,
        "loc": { "start": { "line": 158, "column": 72 }, "end": { "line": 158, "column": 91 } },
        "locations": [
          { "start": { "line": 158, "column": 72 }, "end": { "line": 158, "column": 91 } }
        ]
      }
    },
    "b": {
      "0": [98],
      "1": [76],
      "2": [19],
      "3": [76],
      "4": [19],
      "5": [76],
      "6": [19],
      "7": [76],
      "8": [18],
      "9": [58],
      "10": [30],
      "11": [65],
      "12": [46],
      "13": [19],
      "14": [46],
      "15": [19],
      "16": [46],
      "17": [19],
      "18": [76],
      "19": [76],
      "20": [19],
      "21": [65],
      "22": [30],
      "23": [0],
      "24": [72],
      "25": [89],
      "26": [74],
      "27": [18],
      "28": [56],
      "29": [0],
      "30": [71],
      "31": [56],
      "32": [15],
      "33": [53],
      "34": [0],
      "35": [71],
      "36": [53],
      "37": [91],
      "38": [30],
      "39": [0],
      "40": [91],
      "41": [47],
      "42": [17],
      "43": [17],
      "44": [17],
      "45": [76],
      "46": [15],
      "47": [38],
      "48": [0],
      "49": [5],
      "50": [0],
      "51": [4],
      "52": [1],
      "53": [10],
      "54": [0],
      "55": [0],
      "56": [5],
      "57": [0],
      "58": [6],
      "59": [4],
      "60": [13],
      "61": [6],
      "62": [2],
      "63": [1],
      "64": [2],
      "65": [1],
      "66": [0],
      "67": [0],
      "68": [0]
    },
    "fnMap": {
      "0": {
        "name": "useTriviaPage",
        "decl": { "start": { "line": 32, "column": 7 }, "end": { "line": 197, "column": 1 } },
        "loc": { "start": { "line": 32, "column": 7 }, "end": { "line": 197, "column": 1 } },
        "line": 32
      },
      "1": {
        "name": "applySessionPatch",
        "decl": { "start": { "line": 87, "column": 28 }, "end": { "line": 91, "column": 4 } },
        "loc": { "start": { "line": 87, "column": 28 }, "end": { "line": 91, "column": 4 } },
        "line": 87
      },
      "2": {
        "name": "applyConfig",
        "decl": { "start": { "line": 93, "column": 22 }, "end": { "line": 102, "column": 4 } },
        "loc": { "start": { "line": 93, "column": 22 }, "end": { "line": 102, "column": 4 } },
        "line": 93
      },
      "3": {
        "name": "handleSubmit",
        "decl": { "start": { "line": 104, "column": 23 }, "end": { "line": 110, "column": 4 } },
        "loc": { "start": { "line": 104, "column": 23 }, "end": { "line": 110, "column": 4 } },
        "line": 104
      },
      "4": {
        "name": "handleNext",
        "decl": { "start": { "line": 112, "column": 21 }, "end": { "line": 115, "column": 4 } },
        "loc": { "start": { "line": 112, "column": 21 }, "end": { "line": 115, "column": 4 } },
        "line": 112
      },
      "5": {
        "name": "handleStartDrilling",
        "decl": { "start": { "line": 117, "column": 30 }, "end": { "line": 120, "column": 4 } },
        "loc": { "start": { "line": 117, "column": 30 }, "end": { "line": 120, "column": 4 } },
        "line": 117
      },
      "6": {
        "name": "handleEditSettings",
        "decl": { "start": { "line": 122, "column": 29 }, "end": { "line": 125, "column": 4 } },
        "loc": { "start": { "line": 122, "column": 29 }, "end": { "line": 125, "column": 4 } },
        "line": 122
      },
      "7": {
        "name": "handleBackToHome",
        "decl": { "start": { "line": 127, "column": 27 }, "end": { "line": 132, "column": 4 } },
        "loc": { "start": { "line": 127, "column": 27 }, "end": { "line": 132, "column": 4 } },
        "line": 127
      },
      "8": {
        "name": "handleCreateNewSession",
        "decl": { "start": { "line": 134, "column": 33 }, "end": { "line": 139, "column": 4 } },
        "loc": { "start": { "line": 134, "column": 33 }, "end": { "line": 139, "column": 4 } },
        "line": 134
      },
      "9": {
        "name": "handleResumeSession",
        "decl": { "start": { "line": 141, "column": 30 }, "end": { "line": 145, "column": 4 } },
        "loc": { "start": { "line": 141, "column": 30 }, "end": { "line": 145, "column": 4 } },
        "line": 141
      },
      "10": {
        "name": "handleRenameSession",
        "decl": { "start": { "line": 147, "column": 30 }, "end": { "line": 150, "column": 4 } },
        "loc": { "start": { "line": 147, "column": 30 }, "end": { "line": 150, "column": 4 } },
        "line": 147
      },
      "11": {
        "name": "handleDeleteSession",
        "decl": { "start": { "line": 152, "column": 30 }, "end": { "line": 155, "column": 4 } },
        "loc": { "start": { "line": 152, "column": 30 }, "end": { "line": 155, "column": 4 } },
        "line": 152
      },
      "12": {
        "name": "handleStudyInWorkspace",
        "decl": { "start": { "line": 157, "column": 33 }, "end": { "line": 160, "column": 4 } },
        "loc": { "start": { "line": 157, "column": 33 }, "end": { "line": 160, "column": 4 } },
        "line": 157
      }
    },
    "f": {
      "0": 98,
      "1": 38,
      "2": 5,
      "3": 10,
      "4": 5,
      "5": 6,
      "6": 4,
      "7": 13,
      "8": 6,
      "9": 2,
      "10": 1,
      "11": 2,
      "12": 1
    }
  },
  "/Users/onurseckinsenoglu/repos/dsa_visualizer/src/routes/trivia/-hooks/useTriviaPageLayout.ts": {
    "path": "/Users/onurseckinsenoglu/repos/dsa_visualizer/src/routes/trivia/-hooks/useTriviaPageLayout.ts",
    "all": false,
    "statementMap": {
      "0": { "start": { "line": 1, "column": 0 }, "end": { "line": 1, "column": 65 } },
      "1": { "start": { "line": 2, "column": 0 }, "end": { "line": 2, "column": 8 } },
      "2": { "start": { "line": 3, "column": 0 }, "end": { "line": 3, "column": 28 } },
      "3": { "start": { "line": 4, "column": 0 }, "end": { "line": 4, "column": 15 } },
      "4": { "start": { "line": 5, "column": 0 }, "end": { "line": 5, "column": 21 } },
      "5": { "start": { "line": 6, "column": 0 }, "end": { "line": 6, "column": 19 } },
      "6": { "start": { "line": 7, "column": 0 }, "end": { "line": 7, "column": 20 } },
      "7": { "start": { "line": 8, "column": 0 }, "end": { "line": 8, "column": 38 } },
      "8": { "start": { "line": 9, "column": 0 }, "end": { "line": 9, "column": 93 } },
      "9": { "start": { "line": 10, "column": 0 }, "end": { "line": 10, "column": 8 } },
      "10": { "start": { "line": 11, "column": 0 }, "end": { "line": 11, "column": 24 } },
      "11": { "start": { "line": 12, "column": 0 }, "end": { "line": 12, "column": 24 } },
      "12": { "start": { "line": 13, "column": 0 }, "end": { "line": 13, "column": 21 } },
      "13": { "start": { "line": 14, "column": 0 }, "end": { "line": 14, "column": 29 } },
      "14": { "start": { "line": 15, "column": 0 }, "end": { "line": 15, "column": 0 } },
      "15": { "start": { "line": 16, "column": 0 }, "end": { "line": 16, "column": 39 } },
      "16": { "start": { "line": 17, "column": 0 }, "end": { "line": 17, "column": 79 } },
      "17": { "start": { "line": 18, "column": 0 }, "end": { "line": 18, "column": 49 } },
      "18": { "start": { "line": 19, "column": 0 }, "end": { "line": 19, "column": 29 } },
      "19": { "start": { "line": 20, "column": 0 }, "end": { "line": 20, "column": 0 } },
      "20": { "start": { "line": 21, "column": 0 }, "end": { "line": 21, "column": 19 } },
      "21": { "start": { "line": 22, "column": 0 }, "end": { "line": 22, "column": 55 } },
      "22": { "start": { "line": 23, "column": 0 }, "end": { "line": 23, "column": 63 } },
      "23": { "start": { "line": 24, "column": 0 }, "end": { "line": 24, "column": 79 } },
      "24": { "start": { "line": 25, "column": 0 }, "end": { "line": 25, "column": 9 } },
      "25": { "start": { "line": 26, "column": 0 }, "end": { "line": 26, "column": 0 } },
      "26": { "start": { "line": 27, "column": 0 }, "end": { "line": 27, "column": 98 } },
      "27": { "start": { "line": 28, "column": 0 }, "end": { "line": 28, "column": 18 } },
      "28": { "start": { "line": 29, "column": 0 }, "end": { "line": 29, "column": 91 } },
      "29": { "start": { "line": 30, "column": 0 }, "end": { "line": 30, "column": 13 } },
      "30": { "start": { "line": 31, "column": 0 }, "end": { "line": 31, "column": 5 } },
      "31": { "start": { "line": 32, "column": 0 }, "end": { "line": 32, "column": 14 } },
      "32": { "start": { "line": 33, "column": 0 }, "end": { "line": 33, "column": 25 } },
      "33": { "start": { "line": 34, "column": 0 }, "end": { "line": 34, "column": 65 } },
      "34": { "start": { "line": 35, "column": 0 }, "end": { "line": 35, "column": 70 } },
      "35": { "start": { "line": 36, "column": 0 }, "end": { "line": 36, "column": 9 } },
      "36": { "start": { "line": 37, "column": 0 }, "end": { "line": 37, "column": 6 } },
      "37": { "start": { "line": 38, "column": 0 }, "end": { "line": 38, "column": 9 } },
      "38": { "start": { "line": 39, "column": 0 }, "end": { "line": 39, "column": 0 } },
      "39": { "start": { "line": 40, "column": 0 }, "end": { "line": 40, "column": 48 } },
      "40": { "start": { "line": 41, "column": 0 }, "end": { "line": 41, "column": 36 } },
      "41": { "start": { "line": 42, "column": 0 }, "end": { "line": 42, "column": 22 } },
      "42": { "start": { "line": 43, "column": 0 }, "end": { "line": 43, "column": 26 } },
      "43": { "start": { "line": 44, "column": 0 }, "end": { "line": 44, "column": 4 } },
      "44": { "start": { "line": 45, "column": 0 }, "end": { "line": 45, "column": 48 } },
      "45": { "start": { "line": 46, "column": 0 }, "end": { "line": 46, "column": 36 } },
      "46": { "start": { "line": 47, "column": 0 }, "end": { "line": 47, "column": 22 } },
      "47": { "start": { "line": 48, "column": 0 }, "end": { "line": 48, "column": 26 } },
      "48": { "start": { "line": 49, "column": 0 }, "end": { "line": 49, "column": 4 } },
      "49": { "start": { "line": 50, "column": 0 }, "end": { "line": 50, "column": 45 } },
      "50": { "start": { "line": 51, "column": 0 }, "end": { "line": 51, "column": 33 } },
      "51": { "start": { "line": 52, "column": 0 }, "end": { "line": 52, "column": 22 } },
      "52": { "start": { "line": 53, "column": 0 }, "end": { "line": 53, "column": 23 } },
      "53": { "start": { "line": 54, "column": 0 }, "end": { "line": 54, "column": 4 } },
      "54": { "start": { "line": 55, "column": 0 }, "end": { "line": 55, "column": 0 } },
      "55": { "start": { "line": 56, "column": 0 }, "end": { "line": 56, "column": 10 } },
      "56": { "start": { "line": 57, "column": 0 }, "end": { "line": 57, "column": 11 } },
      "57": { "start": { "line": 58, "column": 0 }, "end": { "line": 58, "column": 21 } },
      "58": { "start": { "line": 59, "column": 0 }, "end": { "line": 59, "column": 21 } },
      "59": { "start": { "line": 60, "column": 0 }, "end": { "line": 60, "column": 18 } },
      "60": { "start": { "line": 61, "column": 0 }, "end": { "line": 61, "column": 4 } },
      "61": { "start": { "line": 62, "column": 0 }, "end": { "line": 62, "column": 1 } }
    },
    "s": {
      "0": 1,
      "1": 1,
      "2": 1,
      "3": 1,
      "4": 1,
      "5": 1,
      "6": 1,
      "7": 1,
      "8": 1,
      "9": 1,
      "10": 1,
      "11": 1,
      "12": 1,
      "13": 1,
      "14": 1,
      "15": 1,
      "16": 102,
      "17": 102,
      "18": 102,
      "19": 102,
      "20": 102,
      "21": 27,
      "22": 27,
      "23": 27,
      "24": 102,
      "25": 102,
      "26": 102,
      "27": 4,
      "28": 1,
      "29": 1,
      "30": 1,
      "31": 3,
      "32": 3,
      "33": 3,
      "34": 3,
      "35": 3,
      "36": 3,
      "37": 102,
      "38": 102,
      "39": 102,
      "40": 102,
      "41": 102,
      "42": 102,
      "43": 102,
      "44": 102,
      "45": 102,
      "46": 102,
      "47": 102,
      "48": 102,
      "49": 102,
      "50": 102,
      "51": 102,
      "52": 102,
      "53": 102,
      "54": 102,
      "55": 102,
      "56": 102,
      "57": 102,
      "58": 102,
      "59": 102,
      "60": 102,
      "61": 102
    },
    "branchMap": {
      "0": {
        "type": "branch",
        "line": 16,
        "loc": { "start": { "line": 16, "column": 7 }, "end": { "line": 62, "column": 1 } },
        "locations": [{ "start": { "line": 16, "column": 7 }, "end": { "line": 62, "column": 1 } }]
      },
      "1": {
        "type": "branch",
        "line": 17,
        "loc": { "start": { "line": 17, "column": 53 }, "end": { "line": 17, "column": 77 } },
        "locations": [
          { "start": { "line": 17, "column": 53 }, "end": { "line": 17, "column": 77 } }
        ]
      },
      "2": {
        "type": "branch",
        "line": 21,
        "loc": { "start": { "line": 21, "column": 12 }, "end": { "line": 25, "column": 5 } },
        "locations": [{ "start": { "line": 21, "column": 12 }, "end": { "line": 25, "column": 5 } }]
      },
      "3": {
        "type": "branch",
        "line": 22,
        "loc": { "start": { "line": 22, "column": 19 }, "end": { "line": 22, "column": 55 } },
        "locations": [
          { "start": { "line": 22, "column": 19 }, "end": { "line": 22, "column": 55 } }
        ]
      },
      "4": {
        "type": "branch",
        "line": 24,
        "loc": { "start": { "line": 24, "column": 11 }, "end": { "line": 24, "column": 79 } },
        "locations": [
          { "start": { "line": 24, "column": 11 }, "end": { "line": 24, "column": 79 } }
        ]
      },
      "5": {
        "type": "branch",
        "line": 27,
        "loc": { "start": { "line": 27, "column": 40 }, "end": { "line": 38, "column": 5 } },
        "locations": [{ "start": { "line": 27, "column": 40 }, "end": { "line": 38, "column": 5 } }]
      },
      "6": {
        "type": "branch",
        "line": 28,
        "loc": { "start": { "line": 28, "column": 17 }, "end": { "line": 31, "column": 5 } },
        "locations": [{ "start": { "line": 28, "column": 17 }, "end": { "line": 31, "column": 5 } }]
      },
      "7": {
        "type": "branch",
        "line": 31,
        "loc": { "start": { "line": 31, "column": 4 }, "end": { "line": 37, "column": 6 } },
        "locations": [{ "start": { "line": 31, "column": 4 }, "end": { "line": 37, "column": 6 } }]
      },
      "8": {
        "type": "branch",
        "line": 29,
        "loc": { "start": { "line": 29, "column": 16 }, "end": { "line": 29, "column": 89 } },
        "locations": [
          { "start": { "line": 29, "column": 16 }, "end": { "line": 29, "column": 89 } }
        ]
      }
    },
    "b": {
      "0": [102],
      "1": [27],
      "2": [27],
      "3": [1],
      "4": [27],
      "5": [4],
      "6": [1],
      "7": [3],
      "8": [1]
    },
    "fnMap": {
      "0": {
        "name": "useTriviaPageLayout",
        "decl": { "start": { "line": 16, "column": 7 }, "end": { "line": 62, "column": 1 } },
        "loc": { "start": { "line": 16, "column": 7 }, "end": { "line": 62, "column": 1 } },
        "line": 16
      },
      "1": {
        "name": "reload",
        "decl": { "start": { "line": 22, "column": 19 }, "end": { "line": 22, "column": 55 } },
        "loc": { "start": { "line": 22, "column": 19 }, "end": { "line": 22, "column": 55 } },
        "line": 22
      }
    },
    "f": { "0": 102, "1": 1 }
  }
}
